This file contains any messages produced by compilers while
running configure, to aid debugging if configure makes a mistake.

It was created by pidgin configure 2.6.3, which was
generated by GNU Autoconf 2.63.  Invocation command line was

  $ ./configure 

## --------- ##
## Platform. ##
## --------- ##

hostname = hcy-desktop
uname -m = i686
uname -r = 2.6.24-24-generic
uname -s = Linux
uname -v = #1 SMP Fri Sep 18 16:49:39 UTC 2009

/usr/bin/uname -p = unknown
/bin/uname -X     = unknown

/bin/arch              = unknown
/usr/bin/arch -k       = unknown
/usr/convex/getsysinfo = unknown
/usr/bin/hostinfo      = unknown
/bin/machine           = unknown
/usr/bin/oslevel       = unknown
/bin/universe          = unknown

PATH: /home/hcy/ProgramFiles/qtsdk4.5/qt//bin
PATH: /usr/local/sbin
PATH: /usr/local/bin
PATH: /usr/sbin
PATH: /usr/bin
PATH: /sbin
PATH: /bin
PATH: /usr/games
PATH: /home/hcy/ProgramFiles/bin


## ----------- ##
## Core tests. ##
## ----------- ##

configure:2575: checking build system type
configure:2593: result: i686-pc-linux-gnu
configure:2615: checking host system type
configure:2630: result: i686-pc-linux-gnu
configure:2652: checking target system type
configure:2667: result: i686-pc-linux-gnu
configure:2712: checking for a BSD-compatible install
configure:2780: result: /usr/bin/install -c
configure:2791: checking whether build environment is sane
configure:2834: result: yes
configure:2896: checking for gawk
configure:2926: result: no
configure:2896: checking for mawk
configure:2912: found /usr/bin/mawk
configure:2923: result: mawk
configure:2934: checking whether make sets $(MAKE)
configure:2956: result: yes
configure:3163: checking for sed
configure:3181: found /bin/sed
configure:3193: result: /bin/sed
configure:3256: checking for gcc
configure:3272: found /usr/bin/gcc
configure:3283: result: gcc
configure:3515: checking for C compiler version
configure:3523: gcc --version >&5
gcc (GCC) 4.2.4 (Ubuntu 4.2.4-1ubuntu4)
Copyright (C) 2007 Free Software Foundation, Inc.
This is free software; see the source for copying conditions.  There is NO
warranty; not even for MERCHANTABILITY or FITNESS FOR A PARTICULAR PURPOSE.

configure:3527: $? = 0
configure:3534: gcc -v >&5
Using built-in specs.
Target: i486-linux-gnu
Configured with: ../src/configure -v --enable-languages=c,c++,fortran,objc,obj-c++,treelang --prefix=/usr --enable-shared --with-system-zlib --libexecdir=/usr/lib --without-included-gettext --enable-threads=posix --enable-nls --with-gxx-include-dir=/usr/include/c++/4.2 --program-suffix=-4.2 --enable-clocale=gnu --enable-libstdcxx-debug --enable-objc-gc --enable-mpfr --enable-targets=all --enable-checking=release --build=i486-linux-gnu --host=i486-linux-gnu --target=i486-linux-gnu
Thread model: posix
gcc version 4.2.4 (Ubuntu 4.2.4-1ubuntu4)
configure:3538: $? = 0
configure:3545: gcc -V >&5
gcc: '-V' option must have argument
configure:3549: $? = 1
configure:3572: checking for C compiler default output file name
configure:3594: gcc    conftest.c  >&5
configure:3598: $? = 0
configure:3636: result: a.out
configure:3655: checking whether the C compiler works
configure:3665: ./a.out
configure:3669: $? = 0
configure:3688: result: yes
configure:3695: checking whether we are cross compiling
configure:3697: result: no
configure:3700: checking for suffix of executables
configure:3707: gcc -o conftest    conftest.c  >&5
configure:3711: $? = 0
configure:3737: result: 
configure:3743: checking for suffix of object files
configure:3769: gcc -c   conftest.c >&5
configure:3773: $? = 0
configure:3798: result: o
configure:3802: checking whether we are using the GNU C compiler
configure:3831: gcc -c   conftest.c >&5
configure:3838: $? = 0
configure:3855: result: yes
configure:3864: checking whether gcc accepts -g
configure:3894: gcc -c -g  conftest.c >&5
configure:3901: $? = 0
configure:4002: result: yes
configure:4019: checking for gcc option to accept ISO C89
configure:4093: gcc  -c -g -O2  conftest.c >&5
configure:4100: $? = 0
configure:4123: result: none needed
configure:4152: checking for style of include used by make
configure:4180: result: GNU
configure:4208: checking dependency style of gcc
configure:4298: result: gcc3
configure:4316: checking whether gcc and cc understand -c and -o together
configure:4351: gcc -c conftest.c -o conftest2.o >&5
configure:4355: $? = 0
configure:4361: gcc -c conftest.c -o conftest2.o >&5
configure:4365: $? = 0
configure:4376: cc -c conftest.c >&5
configure:4380: $? = 0
configure:4388: cc -c conftest.c -o conftest2.o >&5
configure:4392: $? = 0
configure:4398: cc -c conftest.c -o conftest2.o >&5
configure:4402: $? = 0
configure:4420: result: yes
configure:4501: checking for a sed that does not truncate output
configure:4567: result: /bin/sed
configure:4585: checking for grep that handles long lines and -e
configure:4645: result: /bin/grep
configure:4650: checking for egrep
configure:4714: result: /bin/grep -E
configure:4719: checking for fgrep
configure:4783: result: /bin/grep -F
configure:4818: checking for ld used by gcc
configure:4885: result: /usr/bin/ld
configure:4894: checking if the linker (/usr/bin/ld) is GNU ld
configure:4909: result: yes
configure:4921: checking for BSD- or MS-compatible name lister (nm)
configure:4970: result: /usr/bin/nm -B
configure:5088: checking the name lister (/usr/bin/nm -B) interface
configure:5095: gcc -c -g -O2  conftest.c >&5
configure:5098: /usr/bin/nm -B "conftest.o"
configure:5101: output
00000000 B some_variable
configure:5108: result: BSD nm
configure:5111: checking whether ln -s works
configure:5115: result: yes
configure:5123: checking the maximum length of command line arguments
configure:5243: result: 98304
configure:5260: checking whether the shell understands some XSI constructs
configure:5270: result: yes
configure:5274: checking whether the shell understands "+="
configure:5280: result: yes
configure:5315: checking for /usr/bin/ld option to reload object files
configure:5322: result: -r
configure:5391: checking for objdump
configure:5407: found /usr/bin/objdump
configure:5418: result: objdump
configure:5450: checking how to recognize dependent libraries
configure:5646: result: pass_all
configure:5706: checking for ar
configure:5722: found /usr/bin/ar
configure:5733: result: ar
configure:5811: checking for strip
configure:5827: found /usr/bin/strip
configure:5838: result: strip
configure:5910: checking for ranlib
configure:5926: found /usr/bin/ranlib
configure:5937: result: ranlib
configure:6027: checking command to parse /usr/bin/nm -B output from gcc object
configure:6145: gcc -c -g -O2  conftest.c >&5
configure:6148: $? = 0
configure:6152: /usr/bin/nm -B conftest.o \| sed -n -e 's/^.*[	 ]\([ABCDGIRSTW][ABCDGIRSTW]*\)[	 ][	 ]*\([_A-Za-z][_A-Za-z0-9]*\)$/\1 \2 \2/p' \> conftest.nm
configure:6155: $? = 0
configure:6209: gcc -o conftest -g -O2   conftest.c conftstm.o >&5
configure:6212: $? = 0
configure:6250: result: ok
configure:7117: checking how to run the C preprocessor
configure:7157: gcc -E  conftest.c
configure:7164: $? = 0
configure:7195: gcc -E  conftest.c
conftest.c:11:28: error: ac_nonexistent.h: No such file or directory
configure:7202: $? = 1
configure: failed program was:
| /* confdefs.h.  */
| #define PACKAGE_NAME "pidgin"
| #define PACKAGE_TARNAME "pidgin"
| #define PACKAGE_VERSION "2.6.3"
| #define PACKAGE_STRING "pidgin 2.6.3"
| #define PACKAGE_BUGREPORT "devel@pidgin.im"
| #define PACKAGE "pidgin"
| #define VERSION "2.6.3"
| #define CONFIG_ARGS ""
| /* end confdefs.h.  */
| #include <ac_nonexistent.h>
configure:7235: result: gcc -E
configure:7264: gcc -E  conftest.c
configure:7271: $? = 0
configure:7302: gcc -E  conftest.c
conftest.c:11:28: error: ac_nonexistent.h: No such file or directory
configure:7309: $? = 1
configure: failed program was:
| /* confdefs.h.  */
| #define PACKAGE_NAME "pidgin"
| #define PACKAGE_TARNAME "pidgin"
| #define PACKAGE_VERSION "2.6.3"
| #define PACKAGE_STRING "pidgin 2.6.3"
| #define PACKAGE_BUGREPORT "devel@pidgin.im"
| #define PACKAGE "pidgin"
| #define VERSION "2.6.3"
| #define CONFIG_ARGS ""
| /* end confdefs.h.  */
| #include <ac_nonexistent.h>
configure:7349: checking for ANSI C header files
configure:7379: gcc -c -g -O2  conftest.c >&5
configure:7386: $? = 0
configure:7485: gcc -o conftest -g -O2   conftest.c  >&5
configure:7489: $? = 0
configure:7495: ./conftest
configure:7499: $? = 0
configure:7517: result: yes
configure:7541: checking for sys/types.h
configure:7562: gcc -c -g -O2  conftest.c >&5
configure:7569: $? = 0
configure:7586: result: yes
configure:7541: checking for sys/stat.h
configure:7562: gcc -c -g -O2  conftest.c >&5
configure:7569: $? = 0
configure:7586: result: yes
configure:7541: checking for stdlib.h
configure:7562: gcc -c -g -O2  conftest.c >&5
configure:7569: $? = 0
configure:7586: result: yes
configure:7541: checking for string.h
configure:7562: gcc -c -g -O2  conftest.c >&5
configure:7569: $? = 0
configure:7586: result: yes
configure:7541: checking for memory.h
configure:7562: gcc -c -g -O2  conftest.c >&5
configure:7569: $? = 0
configure:7586: result: yes
configure:7541: checking for strings.h
configure:7562: gcc -c -g -O2  conftest.c >&5
configure:7569: $? = 0
configure:7586: result: yes
configure:7541: checking for inttypes.h
configure:7562: gcc -c -g -O2  conftest.c >&5
configure:7569: $? = 0
configure:7586: result: yes
configure:7541: checking for stdint.h
configure:7562: gcc -c -g -O2  conftest.c >&5
configure:7569: $? = 0
configure:7586: result: yes
configure:7541: checking for unistd.h
configure:7562: gcc -c -g -O2  conftest.c >&5
configure:7569: $? = 0
configure:7586: result: yes
configure:7604: checking for dlfcn.h
configure:7625: gcc -c -g -O2  conftest.c >&5
configure:7632: $? = 0
configure:7649: result: yes
configure:7805: checking for objdir
configure:7820: result: .libs
configure:8112: checking if gcc supports -fno-rtti -fno-exceptions
configure:8130: gcc -c -g -O2  -fno-rtti -fno-exceptions conftest.c >&5
cc1: warning: command line option "-fno-rtti" is valid for C++/ObjC++ but not for C
configure:8134: $? = 0
configure:8147: result: no
configure:8167: checking for gcc option to produce PIC
configure:8439: result: -fPIC -DPIC
configure:8451: checking if gcc PIC flag -fPIC -DPIC works
configure:8469: gcc -c -g -O2  -fPIC -DPIC -DPIC conftest.c >&5
configure:8473: $? = 0
configure:8486: result: yes
configure:8510: checking if gcc static flag -static works
configure:8538: result: yes
configure:8553: checking if gcc supports -c -o file.o
configure:8574: gcc -c -g -O2  -o out/conftest2.o conftest.c >&5
configure:8578: $? = 0
configure:8600: result: yes
configure:8608: checking if gcc supports -c -o file.o
configure:8655: result: yes
configure:8688: checking whether the gcc linker (/usr/bin/ld) supports shared libraries
configure:9763: result: yes
configure:9800: checking whether -lc should be explicitly linked in
configure:9805: gcc -c -g -O2  conftest.c >&5
configure:9808: $? = 0
configure:9823: gcc -shared conftest.o  -v -Wl,-soname -Wl,conftest -o conftest 2\>\&1 \| /bin/grep  -lc  \>/dev/null 2\>\&1
configure:9826: $? = 0
configure:9838: result: no
configure:10002: checking dynamic linker characteristics
configure:10445: gcc -o conftest -g -O2   -Wl,-rpath -Wl,/foo conftest.c  >&5
configure:10452: $? = 0
configure:10697: result: GNU/Linux ld.so
configure:10799: checking how to hardcode library paths into programs
configure:10824: result: immediate
configure:11657: checking whether stripping libraries is possible
configure:11662: result: yes
configure:11697: checking if libtool supports shared libraries
configure:11699: result: yes
configure:11702: checking whether to build shared libraries
configure:11723: result: yes
configure:11726: checking whether to build static libraries
configure:11730: result: no
configure:11780: checking for a BSD-compatible install
configure:11848: result: /usr/bin/install -c
configure:11860: checking whether NLS is requested
configure:11869: result: yes
configure:11903: checking for intltool-update
configure:11921: found /usr/bin/intltool-update
configure:11933: result: /usr/bin/intltool-update
configure:11943: checking for intltool-merge
configure:11961: found /usr/bin/intltool-merge
configure:11973: result: /usr/bin/intltool-merge
configure:11983: checking for intltool-extract
configure:12001: found /usr/bin/intltool-extract
configure:12013: result: /usr/bin/intltool-extract
configure:12146: checking for xgettext
configure:12164: found /usr/bin/xgettext
configure:12176: result: /usr/bin/xgettext
configure:12186: checking for msgmerge
configure:12204: found /usr/bin/msgmerge
configure:12216: result: /usr/bin/msgmerge
configure:12226: checking for msgfmt
configure:12244: found /usr/bin/msgfmt
configure:12256: result: /usr/bin/msgfmt
configure:12266: checking for gmsgfmt
configure:12297: result: /usr/bin/msgfmt
configure:12321: checking for perl
configure:12339: found /usr/bin/perl
configure:12351: result: /usr/bin/perl
configure:12364: checking for perl >= 5.8.1
configure:12373: result: 5.8.8
configure:12377: checking for XML::Parser
configure:12380: result: ok
configure:12417: gcc -o conftest -g -O2   conftest.c  >&5
configure:12424: $? = 0
configure:12595: checking for pkg-config
configure:12613: found /usr/bin/pkg-config
configure:12625: result: /usr/bin/pkg-config
configure:12650: checking pkg-config is at least version 0.9.0
configure:12653: result: yes
configure:12664: checking for working alloca.h
configure:12691: gcc -o conftest -g -O2   conftest.c  >&5
configure:12698: $? = 0
configure:12718: result: yes
configure:12728: checking for alloca
configure:12775: gcc -o conftest -g -O2   conftest.c  >&5
configure:12782: $? = 0
configure:12802: result: yes
configure:13439: checking locale.h usability
configure:13456: gcc -c -g -O2  conftest.c >&5
configure:13463: $? = 0
configure:13477: result: yes
configure:13481: checking locale.h presence
configure:13496: gcc -E  conftest.c
configure:13503: $? = 0
configure:13517: result: yes
configure:13550: checking for locale.h
configure:13559: result: yes
configure:13575: checking for LC_MESSAGES
configure:13601: gcc -o conftest -g -O2   conftest.c  >&5
configure:13608: $? = 0
configure:13628: result: yes
configure:13657: checking libintl.h usability
configure:13674: gcc -c -g -O2  conftest.c >&5
configure:13681: $? = 0
configure:13695: result: yes
configure:13699: checking libintl.h presence
configure:13714: gcc -E  conftest.c
configure:13721: $? = 0
configure:13735: result: yes
configure:13768: checking for libintl.h
configure:13775: result: yes
configure:13786: checking for ngettext in libc
configure:13814: gcc -o conftest -g -O2   conftest.c  >&5
configure:13821: $? = 0
configure:13842: result: yes
configure:13846: checking for dgettext in libc
configure:13874: gcc -o conftest -g -O2   conftest.c  >&5
configure:13881: $? = 0
configure:13902: result: yes
configure:13911: checking for bind_textdomain_codeset
configure:13967: gcc -o conftest -g -O2   conftest.c  >&5
configure:13974: $? = 0
configure:13996: result: yes
configure:14512: checking for msgfmt
configure:14539: result: /usr/bin/msgfmt
configure:14552: checking for dcgettext
configure:14608: gcc -o conftest -g -O2   conftest.c   >&5
conftest.c:52: warning: conflicting types for built-in function 'dcgettext'
configure:14615: $? = 0
configure:14637: result: yes
configure:14650: checking if msgfmt accepts -c
configure:14665: $MSGFMT -c -o /dev/null conftest.foo
configure:14668: $? = 0
configure:14670: result: yes
configure:14680: checking for gmsgfmt
configure:14711: result: /usr/bin/msgfmt
configure:14721: checking for xgettext
configure:14748: result: /usr/bin/xgettext
configure:14777: gcc -o conftest -g -O2   conftest.c   >&5
configure:14784: $? = 0
configure:14960: checking for catalogs to be installed
configure:14985: result:  af am ar az be@latin bg bn bs ca ca@valencia cs da de dz el en_AU en_CA en_GB eo es et eu fa fi fr ga gl gu he hi hu hy id it ja ka km kn ko ku lo lt mk mn my_MM nb ne nl nn oc pa pl pt_BR pt ps ro ru si sk sl sq sr sr@latin sv sw ta te th tr uk ur vi xh zh_CN zh_HK zh_TW
configure:15053: checking for ANSI C header files
configure:15221: result: yes
configure:15231: checking for sys/wait.h that is POSIX.1 compatible
configure:15267: gcc -c -g -O2  conftest.c >&5
configure:15274: $? = 0
configure:15289: result: yes
configure:15322: checking arpa/nameser_compat.h usability
configure:15339: gcc -c -g -O2  conftest.c >&5
configure:15346: $? = 0
configure:15360: result: yes
configure:15364: checking arpa/nameser_compat.h presence
configure:15379: gcc -E  conftest.c
configure:15386: $? = 0
configure:15400: result: yes
configure:15433: checking for arpa/nameser_compat.h
configure:15442: result: yes
configure:15322: checking fcntl.h usability
configure:15339: gcc -c -g -O2  conftest.c >&5
configure:15346: $? = 0
configure:15360: result: yes
configure:15364: checking fcntl.h presence
configure:15379: gcc -E  conftest.c
configure:15386: $? = 0
configure:15400: result: yes
configure:15433: checking for fcntl.h
configure:15442: result: yes
configure:15322: checking sys/time.h usability
configure:15339: gcc -c -g -O2  conftest.c >&5
configure:15346: $? = 0
configure:15360: result: yes
configure:15364: checking sys/time.h presence
configure:15379: gcc -E  conftest.c
configure:15386: $? = 0
configure:15400: result: yes
configure:15433: checking for sys/time.h
configure:15442: result: yes
configure:15311: checking for unistd.h
configure:15318: result: yes
configure:15311: checking for locale.h
configure:15318: result: yes
configure:15322: checking signal.h usability
configure:15339: gcc -c -g -O2  conftest.c >&5
configure:15346: $? = 0
configure:15360: result: yes
configure:15364: checking signal.h presence
configure:15379: gcc -E  conftest.c
configure:15386: $? = 0
configure:15400: result: yes
configure:15433: checking for signal.h
configure:15442: result: yes
configure:15311: checking for stdint.h
configure:15318: result: yes
configure:15322: checking regex.h usability
configure:15339: gcc -c -g -O2  conftest.c >&5
configure:15346: $? = 0
configure:15360: result: yes
configure:15364: checking regex.h presence
configure:15379: gcc -E  conftest.c
configure:15386: $? = 0
configure:15400: result: yes
configure:15433: checking for regex.h
configure:15442: result: yes
configure:15458: checking for an ANSI C-conforming const
configure:15533: gcc -c -g -O2  conftest.c >&5
configure:15540: $? = 0
configure:15555: result: yes
configure:15565: checking whether struct tm is in sys/time.h or time.h
configure:15595: gcc -c -g -O2  conftest.c >&5
configure:15602: $? = 0
configure:15617: result: time.h
configure:15631: checking size of time_t
configure:15954: gcc -o conftest -g -O2   conftest.c  >&5
configure:15958: $? = 0
configure:15964: ./conftest
configure:15968: $? = 0
configure:15994: result: 4
configure:16006: checking whether byte ordering is bigendian
configure:16031: gcc -c -g -O2  conftest.c >&5
conftest.c:43: error: expected '=', ',', ';', 'asm' or '__attribute__' before 'a'
configure:16038: $? = 1
configure: failed program was:
| /* confdefs.h.  */
| #define PACKAGE_NAME "pidgin"
| #define PACKAGE_TARNAME "pidgin"
| #define PACKAGE_VERSION "2.6.3"
| #define PACKAGE_STRING "pidgin 2.6.3"
| #define PACKAGE_BUGREPORT "devel@pidgin.im"
| #define PACKAGE "pidgin"
| #define VERSION "2.6.3"
| #define CONFIG_ARGS ""
| #define STDC_HEADERS 1
| #define HAVE_SYS_TYPES_H 1
| #define HAVE_SYS_STAT_H 1
| #define HAVE_STDLIB_H 1
| #define HAVE_STRING_H 1
| #define HAVE_MEMORY_H 1
| #define HAVE_STRINGS_H 1
| #define HAVE_INTTYPES_H 1
| #define HAVE_STDINT_H 1
| #define HAVE_UNISTD_H 1
| #define HAVE_DLFCN_H 1
| #define LT_OBJDIR ".libs/"
| #define HAVE_ALLOCA_H 1
| #define HAVE_ALLOCA 1
| #define HAVE_LOCALE_H 1
| #define HAVE_LC_MESSAGES 1
| #define HAVE_BIND_TEXTDOMAIN_CODESET 1
| #define HAVE_GETTEXT 1
| #define HAVE_DCGETTEXT 1
| #define ENABLE_NLS 1
| #define STDC_HEADERS 1
| #define HAVE_SYS_WAIT_H 1
| #define HAVE_ARPA_NAMESER_COMPAT_H 1
| #define HAVE_FCNTL_H 1
| #define HAVE_SYS_TIME_H 1
| #define HAVE_UNISTD_H 1
| #define HAVE_LOCALE_H 1
| #define HAVE_SIGNAL_H 1
| #define HAVE_STDINT_H 1
| #define HAVE_REGEX_H 1
| #define SIZEOF_TIME_T 4
| /* end confdefs.h.  */
| #ifndef __APPLE_CC__
| 	       not a universal capable compiler
| 	     #endif
| 	     typedef int dummy;
| 
configure:16088: gcc -c -g -O2  conftest.c >&5
configure:16095: $? = 0
configure:16127: gcc -c -g -O2  conftest.c >&5
conftest.c: In function 'main':
conftest.c:49: error: 'not' undeclared (first use in this function)
conftest.c:49: error: (Each undeclared identifier is reported only once
conftest.c:49: error: for each function it appears in.)
conftest.c:49: error: expected ';' before 'big'
configure:16134: $? = 1
configure: failed program was:
| /* confdefs.h.  */
| #define PACKAGE_NAME "pidgin"
| #define PACKAGE_TARNAME "pidgin"
| #define PACKAGE_VERSION "2.6.3"
| #define PACKAGE_STRING "pidgin 2.6.3"
| #define PACKAGE_BUGREPORT "devel@pidgin.im"
| #define PACKAGE "pidgin"
| #define VERSION "2.6.3"
| #define CONFIG_ARGS ""
| #define STDC_HEADERS 1
| #define HAVE_SYS_TYPES_H 1
| #define HAVE_SYS_STAT_H 1
| #define HAVE_STDLIB_H 1
| #define HAVE_STRING_H 1
| #define HAVE_MEMORY_H 1
| #define HAVE_STRINGS_H 1
| #define HAVE_INTTYPES_H 1
| #define HAVE_STDINT_H 1
| #define HAVE_UNISTD_H 1
| #define HAVE_DLFCN_H 1
| #define LT_OBJDIR ".libs/"
| #define HAVE_ALLOCA_H 1
| #define HAVE_ALLOCA 1
| #define HAVE_LOCALE_H 1
| #define HAVE_LC_MESSAGES 1
| #define HAVE_BIND_TEXTDOMAIN_CODESET 1
| #define HAVE_GETTEXT 1
| #define HAVE_DCGETTEXT 1
| #define ENABLE_NLS 1
| #define STDC_HEADERS 1
| #define HAVE_SYS_WAIT_H 1
| #define HAVE_ARPA_NAMESER_COMPAT_H 1
| #define HAVE_FCNTL_H 1
| #define HAVE_SYS_TIME_H 1
| #define HAVE_UNISTD_H 1
| #define HAVE_LOCALE_H 1
| #define HAVE_SIGNAL_H 1
| #define HAVE_STDINT_H 1
| #define HAVE_REGEX_H 1
| #define SIZEOF_TIME_T 4
| /* end confdefs.h.  */
| #include <sys/types.h>
| 		#include <sys/param.h>
| 
| int
| main ()
| {
| #if BYTE_ORDER != BIG_ENDIAN
| 		 not big endian
| 		#endif
| 
|   ;
|   return 0;
| }
configure:16386: result: no
configure:16412: checking return type of signal handlers
configure:16440: gcc -c -g -O2  conftest.c >&5
conftest.c: In function 'main':
conftest.c:48: error: void value not ignored as it ought to be
configure:16447: $? = 1
configure: failed program was:
| /* confdefs.h.  */
| #define PACKAGE_NAME "pidgin"
| #define PACKAGE_TARNAME "pidgin"
| #define PACKAGE_VERSION "2.6.3"
| #define PACKAGE_STRING "pidgin 2.6.3"
| #define PACKAGE_BUGREPORT "devel@pidgin.im"
| #define PACKAGE "pidgin"
| #define VERSION "2.6.3"
| #define CONFIG_ARGS ""
| #define STDC_HEADERS 1
| #define HAVE_SYS_TYPES_H 1
| #define HAVE_SYS_STAT_H 1
| #define HAVE_STDLIB_H 1
| #define HAVE_STRING_H 1
| #define HAVE_MEMORY_H 1
| #define HAVE_STRINGS_H 1
| #define HAVE_INTTYPES_H 1
| #define HAVE_STDINT_H 1
| #define HAVE_UNISTD_H 1
| #define HAVE_DLFCN_H 1
| #define LT_OBJDIR ".libs/"
| #define HAVE_ALLOCA_H 1
| #define HAVE_ALLOCA 1
| #define HAVE_LOCALE_H 1
| #define HAVE_LC_MESSAGES 1
| #define HAVE_BIND_TEXTDOMAIN_CODESET 1
| #define HAVE_GETTEXT 1
| #define HAVE_DCGETTEXT 1
| #define ENABLE_NLS 1
| #define STDC_HEADERS 1
| #define HAVE_SYS_WAIT_H 1
| #define HAVE_ARPA_NAMESER_COMPAT_H 1
| #define HAVE_FCNTL_H 1
| #define HAVE_SYS_TIME_H 1
| #define HAVE_UNISTD_H 1
| #define HAVE_LOCALE_H 1
| #define HAVE_SIGNAL_H 1
| #define HAVE_STDINT_H 1
| #define HAVE_REGEX_H 1
| #define SIZEOF_TIME_T 4
| /* end confdefs.h.  */
| #include <sys/types.h>
| #include <signal.h>
| 
| int
| main ()
| {
| return *(signal (0, 0)) (0) == 1;
|   ;
|   return 0;
| }
configure:16462: result: void
configure:16474: checking for strftime
configure:16530: gcc -o conftest -g -O2   conftest.c  >&5
conftest.c:66: warning: conflicting types for built-in function 'strftime'
configure:16537: $? = 0
configure:16559: result: yes
configure:16653: checking for strdup
configure:16709: gcc -o conftest -g -O2   conftest.c  >&5
conftest.c:67: warning: conflicting types for built-in function 'strdup'
configure:16716: $? = 0
configure:16738: result: yes
configure:16653: checking for strstr
configure:16709: gcc -o conftest -g -O2   conftest.c  >&5
conftest.c:68: warning: conflicting types for built-in function 'strstr'
configure:16716: $? = 0
configure:16738: result: yes
configure:16653: checking for atexit
configure:16709: gcc -o conftest -g -O2   conftest.c  >&5
configure:16716: $? = 0
configure:16738: result: yes
configure:16653: checking for setlocale
configure:16709: gcc -o conftest -g -O2   conftest.c  >&5
configure:16716: $? = 0
configure:16738: result: yes
configure:16754: checking for getopt_long
configure:16810: gcc -o conftest -g -O2   conftest.c  >&5
configure:16817: $? = 0
configure:16839: result: yes
configure:16867: checking for inet_aton
configure:16923: gcc -o conftest -g -O2   conftest.c  >&5
configure:16930: $? = 0
configure:16950: result: yes
configure:17037: checking for __res_query in -lresolv
configure:17072: gcc -o conftest -g -O2   conftest.c -lresolv   >&5
configure:17079: $? = 0
configure:17100: result: yes
configure:17112: checking for gethostent in -lnsl
configure:17147: gcc -o conftest -g -O2   conftest.c -lnsl  -lresolv  >&5
configure:17154: $? = 0
configure:17175: result: yes
configure:17186: checking for socket
configure:17242: gcc -o conftest -g -O2   conftest.c -lnsl -lresolv  >&5
configure:17249: $? = 0
configure:17269: result: yes
configure:17355: checking for getaddrinfo
configure:17411: gcc -o conftest -g -O2   conftest.c -lnsl -lresolv  >&5
configure:17418: $? = 0
configure:17438: result: yes
configure:17525: checking for inet_ntop
configure:17581: gcc -o conftest -g -O2   conftest.c -lnsl -lresolv  >&5
configure:17588: $? = 0
configure:17610: result: yes
configure:17622: checking for socklen_t
configure:17649: gcc -c -g -O2  conftest.c >&5
configure:17656: $? = 0
configure:17662: result: yes
configure:17737: checking for struct sockaddr.sa_len
configure:17766: gcc -c -g -O2  conftest.c >&5
conftest.c: In function 'main':
conftest.c:59: error: 'struct sockaddr' has no member named 'sa_len'
configure:17773: $? = 1
configure: failed program was:
| /* confdefs.h.  */
| #define PACKAGE_NAME "pidgin"
| #define PACKAGE_TARNAME "pidgin"
| #define PACKAGE_VERSION "2.6.3"
| #define PACKAGE_STRING "pidgin 2.6.3"
| #define PACKAGE_BUGREPORT "devel@pidgin.im"
| #define PACKAGE "pidgin"
| #define VERSION "2.6.3"
| #define CONFIG_ARGS ""
| #define STDC_HEADERS 1
| #define HAVE_SYS_TYPES_H 1
| #define HAVE_SYS_STAT_H 1
| #define HAVE_STDLIB_H 1
| #define HAVE_STRING_H 1
| #define HAVE_MEMORY_H 1
| #define HAVE_STRINGS_H 1
| #define HAVE_INTTYPES_H 1
| #define HAVE_STDINT_H 1
| #define HAVE_UNISTD_H 1
| #define HAVE_DLFCN_H 1
| #define LT_OBJDIR ".libs/"
| #define HAVE_ALLOCA_H 1
| #define HAVE_ALLOCA 1
| #define HAVE_LOCALE_H 1
| #define HAVE_LC_MESSAGES 1
| #define HAVE_BIND_TEXTDOMAIN_CODESET 1
| #define HAVE_GETTEXT 1
| #define HAVE_DCGETTEXT 1
| #define ENABLE_NLS 1
| #define STDC_HEADERS 1
| #define HAVE_SYS_WAIT_H 1
| #define HAVE_ARPA_NAMESER_COMPAT_H 1
| #define HAVE_FCNTL_H 1
| #define HAVE_SYS_TIME_H 1
| #define HAVE_UNISTD_H 1
| #define HAVE_LOCALE_H 1
| #define HAVE_SIGNAL_H 1
| #define HAVE_STDINT_H 1
| #define HAVE_REGEX_H 1
| #define SIZEOF_TIME_T 4
| #define RETSIGTYPE void
| #define HAVE_STRFTIME 1
| #define HAVE_STRDUP 1
| #define HAVE_STRSTR 1
| #define HAVE_ATEXIT 1
| #define HAVE_SETLOCALE 1
| #define HAVE_GETOPT_LONG 1
| #define HAVE_LIBRESOLV 1
| #define HAVE_LIBNSL 1
| #define HAVE_GETADDRINFO 1
| #define HAVE_INET_NTOP 1
| /* end confdefs.h.  */
| #include <sys/socket.h>
| 
| int
| main ()
| {
| static struct sockaddr ac_aggr;
| if (ac_aggr.sa_len)
| return 0;
|   ;
|   return 0;
| }
configure:17807: gcc -c -g -O2  conftest.c >&5
conftest.c: In function 'main':
conftest.c:59: error: 'struct sockaddr' has no member named 'sa_len'
configure:17814: $? = 1
configure: failed program was:
| /* confdefs.h.  */
| #define PACKAGE_NAME "pidgin"
| #define PACKAGE_TARNAME "pidgin"
| #define PACKAGE_VERSION "2.6.3"
| #define PACKAGE_STRING "pidgin 2.6.3"
| #define PACKAGE_BUGREPORT "devel@pidgin.im"
| #define PACKAGE "pidgin"
| #define VERSION "2.6.3"
| #define CONFIG_ARGS ""
| #define STDC_HEADERS 1
| #define HAVE_SYS_TYPES_H 1
| #define HAVE_SYS_STAT_H 1
| #define HAVE_STDLIB_H 1
| #define HAVE_STRING_H 1
| #define HAVE_MEMORY_H 1
| #define HAVE_STRINGS_H 1
| #define HAVE_INTTYPES_H 1
| #define HAVE_STDINT_H 1
| #define HAVE_UNISTD_H 1
| #define HAVE_DLFCN_H 1
| #define LT_OBJDIR ".libs/"
| #define HAVE_ALLOCA_H 1
| #define HAVE_ALLOCA 1
| #define HAVE_LOCALE_H 1
| #define HAVE_LC_MESSAGES 1
| #define HAVE_BIND_TEXTDOMAIN_CODESET 1
| #define HAVE_GETTEXT 1
| #define HAVE_DCGETTEXT 1
| #define ENABLE_NLS 1
| #define STDC_HEADERS 1
| #define HAVE_SYS_WAIT_H 1
| #define HAVE_ARPA_NAMESER_COMPAT_H 1
| #define HAVE_FCNTL_H 1
| #define HAVE_SYS_TIME_H 1
| #define HAVE_UNISTD_H 1
| #define HAVE_LOCALE_H 1
| #define HAVE_SIGNAL_H 1
| #define HAVE_STDINT_H 1
| #define HAVE_REGEX_H 1
| #define SIZEOF_TIME_T 4
| #define RETSIGTYPE void
| #define HAVE_STRFTIME 1
| #define HAVE_STRDUP 1
| #define HAVE_STRSTR 1
| #define HAVE_ATEXIT 1
| #define HAVE_SETLOCALE 1
| #define HAVE_GETOPT_LONG 1
| #define HAVE_LIBRESOLV 1
| #define HAVE_LIBNSL 1
| #define HAVE_GETADDRINFO 1
| #define HAVE_INET_NTOP 1
| /* end confdefs.h.  */
| #include <sys/socket.h>
| 
| int
| main ()
| {
| static struct sockaddr ac_aggr;
| if (sizeof ac_aggr.sa_len)
| return 0;
|   ;
|   return 0;
| }
configure:17832: result: no
configure:17852: checking for special C compiler options needed for large files
configure:17947: result: no
configure:17953: checking for _FILE_OFFSET_BITS value needed for large files
configure:17988: gcc -c -g -O2  conftest.c >&5
conftest.c:59: warning: left shift count >= width of type
conftest.c:59: warning: left shift count >= width of type
conftest.c:61: error: size of array 'off_t_is_large' is negative
configure:17995: $? = 1
configure: failed program was:
| /* confdefs.h.  */
| #define PACKAGE_NAME "pidgin"
| #define PACKAGE_TARNAME "pidgin"
| #define PACKAGE_VERSION "2.6.3"
| #define PACKAGE_STRING "pidgin 2.6.3"
| #define PACKAGE_BUGREPORT "devel@pidgin.im"
| #define PACKAGE "pidgin"
| #define VERSION "2.6.3"
| #define CONFIG_ARGS ""
| #define STDC_HEADERS 1
| #define HAVE_SYS_TYPES_H 1
| #define HAVE_SYS_STAT_H 1
| #define HAVE_STDLIB_H 1
| #define HAVE_STRING_H 1
| #define HAVE_MEMORY_H 1
| #define HAVE_STRINGS_H 1
| #define HAVE_INTTYPES_H 1
| #define HAVE_STDINT_H 1
| #define HAVE_UNISTD_H 1
| #define HAVE_DLFCN_H 1
| #define LT_OBJDIR ".libs/"
| #define HAVE_ALLOCA_H 1
| #define HAVE_ALLOCA 1
| #define HAVE_LOCALE_H 1
| #define HAVE_LC_MESSAGES 1
| #define HAVE_BIND_TEXTDOMAIN_CODESET 1
| #define HAVE_GETTEXT 1
| #define HAVE_DCGETTEXT 1
| #define ENABLE_NLS 1
| #define STDC_HEADERS 1
| #define HAVE_SYS_WAIT_H 1
| #define HAVE_ARPA_NAMESER_COMPAT_H 1
| #define HAVE_FCNTL_H 1
| #define HAVE_SYS_TIME_H 1
| #define HAVE_UNISTD_H 1
| #define HAVE_LOCALE_H 1
| #define HAVE_SIGNAL_H 1
| #define HAVE_STDINT_H 1
| #define HAVE_REGEX_H 1
| #define SIZEOF_TIME_T 4
| #define RETSIGTYPE void
| #define HAVE_STRFTIME 1
| #define HAVE_STRDUP 1
| #define HAVE_STRSTR 1
| #define HAVE_ATEXIT 1
| #define HAVE_SETLOCALE 1
| #define HAVE_GETOPT_LONG 1
| #define HAVE_LIBRESOLV 1
| #define HAVE_LIBNSL 1
| #define HAVE_GETADDRINFO 1
| #define HAVE_INET_NTOP 1
| /* end confdefs.h.  */
| #include <sys/types.h>
|  /* Check that off_t can represent 2**63 - 1 correctly.
|     We can't simply define LARGE_OFF_T to be 9223372036854775807,
|     since some C++ compilers masquerading as C compilers
|     incorrectly reject 9223372036854775807.  */
| #define LARGE_OFF_T (((off_t) 1 << 62) - 1 + ((off_t) 1 << 62))
|   int off_t_is_large[(LARGE_OFF_T % 2147483629 == 721
| 		       && LARGE_OFF_T % 2147483647 == 1)
| 		      ? 1 : -1];
| int
| main ()
| {
| 
|   ;
|   return 0;
| }
configure:18039: gcc -c -g -O2  conftest.c >&5
configure:18046: $? = 0
configure:18064: result: 64
configure:18202: checking for dlopen
configure:18258: gcc -o conftest -g -O2   conftest.c -lnsl -lresolv  >&5
/tmp/ccemetLi.o: In function `main':
/home/hcy/Downloads/pidgin-2.6.3/conftest.c:88: undefined reference to `dlopen'
collect2: ld returned 1 exit status
configure:18265: $? = 1
configure: failed program was:
| /* confdefs.h.  */
| #define PACKAGE_NAME "pidgin"
| #define PACKAGE_TARNAME "pidgin"
| #define PACKAGE_VERSION "2.6.3"
| #define PACKAGE_STRING "pidgin 2.6.3"
| #define PACKAGE_BUGREPORT "devel@pidgin.im"
| #define PACKAGE "pidgin"
| #define VERSION "2.6.3"
| #define CONFIG_ARGS ""
| #define STDC_HEADERS 1
| #define HAVE_SYS_TYPES_H 1
| #define HAVE_SYS_STAT_H 1
| #define HAVE_STDLIB_H 1
| #define HAVE_STRING_H 1
| #define HAVE_MEMORY_H 1
| #define HAVE_STRINGS_H 1
| #define HAVE_INTTYPES_H 1
| #define HAVE_STDINT_H 1
| #define HAVE_UNISTD_H 1
| #define HAVE_DLFCN_H 1
| #define LT_OBJDIR ".libs/"
| #define HAVE_ALLOCA_H 1
| #define HAVE_ALLOCA 1
| #define HAVE_LOCALE_H 1
| #define HAVE_LC_MESSAGES 1
| #define HAVE_BIND_TEXTDOMAIN_CODESET 1
| #define HAVE_GETTEXT 1
| #define HAVE_DCGETTEXT 1
| #define ENABLE_NLS 1
| #define STDC_HEADERS 1
| #define HAVE_SYS_WAIT_H 1
| #define HAVE_ARPA_NAMESER_COMPAT_H 1
| #define HAVE_FCNTL_H 1
| #define HAVE_SYS_TIME_H 1
| #define HAVE_UNISTD_H 1
| #define HAVE_LOCALE_H 1
| #define HAVE_SIGNAL_H 1
| #define HAVE_STDINT_H 1
| #define HAVE_REGEX_H 1
| #define SIZEOF_TIME_T 4
| #define RETSIGTYPE void
| #define HAVE_STRFTIME 1
| #define HAVE_STRDUP 1
| #define HAVE_STRSTR 1
| #define HAVE_ATEXIT 1
| #define HAVE_SETLOCALE 1
| #define HAVE_GETOPT_LONG 1
| #define HAVE_LIBRESOLV 1
| #define HAVE_LIBNSL 1
| #define HAVE_GETADDRINFO 1
| #define HAVE_INET_NTOP 1
| #define _FILE_OFFSET_BITS 64
| /* end confdefs.h.  */
| /* Define dlopen to an innocuous variant, in case <limits.h> declares dlopen.
|    For example, HP-UX 11i <limits.h> declares gettimeofday.  */
| #define dlopen innocuous_dlopen
| 
| /* System header to define __stub macros and hopefully few prototypes,
|     which can conflict with char dlopen (); below.
|     Prefer <limits.h> to <assert.h> if __STDC__ is defined, since
|     <limits.h> exists even on freestanding compilers.  */
| 
| #ifdef __STDC__
| # include <limits.h>
| #else
| # include <assert.h>
| #endif
| 
| #undef dlopen
| 
| /* Override any GCC internal prototype to avoid an error.
|    Use char because int might match the return type of a GCC
|    builtin and then its argument prototype would still apply.  */
| #ifdef __cplusplus
| extern "C"
| #endif
| char dlopen ();
| /* The GNU C library defines this for functions which it implements
|     to always fail with ENOSYS.  Some functions are actually named
|     something starting with __ and the normal name is an alias.  */
| #if defined __stub_dlopen || defined __stub___dlopen
| choke me
| #endif
| 
| int
| main ()
| {
| return dlopen ();
|   ;
|   return 0;
| }
configure:18285: result: no
configure:18290: checking for dlopen in -ldl
configure:18325: gcc -o conftest -g -O2   conftest.c -ldl  -lnsl -lresolv  >&5
configure:18332: $? = 0
configure:18353: result: yes
configure:18362: checking for fileno()
configure:18397: gcc -o conftest -g -O2   conftest.c -lnsl -lresolv  >&5
configure:18401: $? = 0
configure:18407: ./conftest
configure:18411: $? = 0
configure:18414: result: yes
configure:18439: checking for the %z format string in strftime()
configure:18488: gcc -o conftest -g -O2   conftest.c -lnsl -lresolv  >&5
configure:18492: $? = 0
configure:18498: ./conftest
strftime("%z") yields: "+0800"
configure:18502: $? = 0
configure:18505: result: yes
configure:18532: checking for GLIB
configure:18540: $PKG_CONFIG --exists --print-errors "glib-2.0 >= 2.4.0 gobject-2.0 gmodule-2.0 gthread-2.0"
configure:18543: $? = 0
configure:18558: $PKG_CONFIG --exists --print-errors "glib-2.0 >= 2.4.0 gobject-2.0 gmodule-2.0 gthread-2.0"
configure:18561: $? = 0
configure:18631: result: yes
configure:18743: checking for X
configure:18914: gcc -o conftest -g -O2   conftest.c -lX11 -lnsl -lresolv  >&5
configure:18921: $? = 0
configure:18983: result: libraries , headers 
configure:19152: gcc -o conftest -g -O2   conftest.c -lnsl -lresolv   -lX11 >&5
configure:19159: $? = 0
configure:19327: checking for gethostbyname
configure:19383: gcc -o conftest -g -O2   conftest.c -lnsl -lresolv  >&5
configure:19390: $? = 0
configure:19410: result: yes
configure:19563: checking for connect
configure:19619: gcc -o conftest -g -O2   conftest.c -lnsl -lresolv  >&5
configure:19626: $? = 0
configure:19646: result: yes
configure:19722: checking for remove
configure:19778: gcc -o conftest -g -O2   conftest.c -lnsl -lresolv  >&5
configure:19785: $? = 0
configure:19805: result: yes
configure:19881: checking for shmat
configure:19937: gcc -o conftest -g -O2   conftest.c -lnsl -lresolv  >&5
configure:19944: $? = 0
configure:19964: result: yes
configure:20049: checking for IceConnectionNumber in -lICE
configure:20084: gcc -o conftest -g -O2   conftest.c -lICE  -lnsl -lresolv  >&5
configure:20091: $? = 0
configure:20112: result: yes
configure:20139: checking for GTK
configure:20147: $PKG_CONFIG --exists --print-errors "gtk+-2.0 >= 2.4.0"
configure:20150: $? = 0
configure:20165: $PKG_CONFIG --exists --print-errors "gtk+-2.0 >= 2.4.0"
configure:20168: $? = 0
configure:20234: result: yes
configure:20244: checking for PANGO
configure:20252: $PKG_CONFIG --exists --print-errors "pango >= 1.4.0"
configure:20255: $? = 0
configure:20270: $PKG_CONFIG --exists --print-errors "pango >= 1.4.0"
configure:20273: $? = 0
configure:20309: result: yes
configure:20321: checking for X11
configure:20329: $PKG_CONFIG --exists --print-errors "x11"
configure:20332: $? = 0
configure:20347: $PKG_CONFIG --exists --print-errors "x11"
configure:20350: $? = 0
configure:20422: result: yes
configure:20444: checking for XScreenSaverRegister in -lXext
configure:20479: gcc -o conftest -g -O2   conftest.c -lXext -lX11 -lXext -lm -lnsl -lresolv  -lgtk-x11-2.0 -lgdk-x11-2.0 -latk-1.0 -lgdk_pixbuf-2.0 -lm -lpangocairo-1.0 -lpango-1.0 -lcairo -lgobject-2.0 -lgmodule-2.0 -ldl -lglib-2.0    >&5
/tmp/ccGRYdxl.o: In function `main':
/home/hcy/Downloads/pidgin-2.6.3/conftest.c:70: undefined reference to `XScreenSaverRegister'
collect2: ld returned 1 exit status
configure:20486: $? = 1
configure: failed program was:
| /* confdefs.h.  */
| #define PACKAGE_NAME "pidgin"
| #define PACKAGE_TARNAME "pidgin"
| #define PACKAGE_VERSION "2.6.3"
| #define PACKAGE_STRING "pidgin 2.6.3"
| #define PACKAGE_BUGREPORT "devel@pidgin.im"
| #define PACKAGE "pidgin"
| #define VERSION "2.6.3"
| #define CONFIG_ARGS ""
| #define STDC_HEADERS 1
| #define HAVE_SYS_TYPES_H 1
| #define HAVE_SYS_STAT_H 1
| #define HAVE_STDLIB_H 1
| #define HAVE_STRING_H 1
| #define HAVE_MEMORY_H 1
| #define HAVE_STRINGS_H 1
| #define HAVE_INTTYPES_H 1
| #define HAVE_STDINT_H 1
| #define HAVE_UNISTD_H 1
| #define HAVE_DLFCN_H 1
| #define LT_OBJDIR ".libs/"
| #define HAVE_ALLOCA_H 1
| #define HAVE_ALLOCA 1
| #define HAVE_LOCALE_H 1
| #define HAVE_LC_MESSAGES 1
| #define HAVE_BIND_TEXTDOMAIN_CODESET 1
| #define HAVE_GETTEXT 1
| #define HAVE_DCGETTEXT 1
| #define ENABLE_NLS 1
| #define STDC_HEADERS 1
| #define HAVE_SYS_WAIT_H 1
| #define HAVE_ARPA_NAMESER_COMPAT_H 1
| #define HAVE_FCNTL_H 1
| #define HAVE_SYS_TIME_H 1
| #define HAVE_UNISTD_H 1
| #define HAVE_LOCALE_H 1
| #define HAVE_SIGNAL_H 1
| #define HAVE_STDINT_H 1
| #define HAVE_REGEX_H 1
| #define SIZEOF_TIME_T 4
| #define RETSIGTYPE void
| #define HAVE_STRFTIME 1
| #define HAVE_STRDUP 1
| #define HAVE_STRSTR 1
| #define HAVE_ATEXIT 1
| #define HAVE_SETLOCALE 1
| #define HAVE_GETOPT_LONG 1
| #define HAVE_LIBRESOLV 1
| #define HAVE_LIBNSL 1
| #define HAVE_GETADDRINFO 1
| #define HAVE_INET_NTOP 1
| #define _FILE_OFFSET_BITS 64
| #define HAVE_FILENO 1
| #define HAVE_STRFTIME_Z_FORMAT 1
| #define DISPLAY_VERSION "2.6.3"
| #define HAVE_PANGO14 1
| #define HAVE_X11 1
| /* end confdefs.h.  */
| 
| /* Override any GCC internal prototype to avoid an error.
|    Use char because int might match the return type of a GCC
|    builtin and then its argument prototype would still apply.  */
| #ifdef __cplusplus
| extern "C"
| #endif
| char XScreenSaverRegister ();
| int
| main ()
| {
| return XScreenSaverRegister ();
|   ;
|   return 0;
| }
configure:20507: result: no
configure:20513: checking for XScreenSaverRegister in -lXss
configure:20548: gcc -o conftest -g -O2   conftest.c -lXss -lX11 -lXext -lm -lnsl -lresolv  -lgtk-x11-2.0 -lgdk-x11-2.0 -latk-1.0 -lgdk_pixbuf-2.0 -lm -lpangocairo-1.0 -lpango-1.0 -lcairo -lgobject-2.0 -lgmodule-2.0 -ldl -lglib-2.0    >&5
/usr/bin/ld: cannot find -lXss
collect2: ld returned 1 exit status
configure:20555: $? = 1
configure: failed program was:
| /* confdefs.h.  */
| #define PACKAGE_NAME "pidgin"
| #define PACKAGE_TARNAME "pidgin"
| #define PACKAGE_VERSION "2.6.3"
| #define PACKAGE_STRING "pidgin 2.6.3"
| #define PACKAGE_BUGREPORT "devel@pidgin.im"
| #define PACKAGE "pidgin"
| #define VERSION "2.6.3"
| #define CONFIG_ARGS ""
| #define STDC_HEADERS 1
| #define HAVE_SYS_TYPES_H 1
| #define HAVE_SYS_STAT_H 1
| #define HAVE_STDLIB_H 1
| #define HAVE_STRING_H 1
| #define HAVE_MEMORY_H 1
| #define HAVE_STRINGS_H 1
| #define HAVE_INTTYPES_H 1
| #define HAVE_STDINT_H 1
| #define HAVE_UNISTD_H 1
| #define HAVE_DLFCN_H 1
| #define LT_OBJDIR ".libs/"
| #define HAVE_ALLOCA_H 1
| #define HAVE_ALLOCA 1
| #define HAVE_LOCALE_H 1
| #define HAVE_LC_MESSAGES 1
| #define HAVE_BIND_TEXTDOMAIN_CODESET 1
| #define HAVE_GETTEXT 1
| #define HAVE_DCGETTEXT 1
| #define ENABLE_NLS 1
| #define STDC_HEADERS 1
| #define HAVE_SYS_WAIT_H 1
| #define HAVE_ARPA_NAMESER_COMPAT_H 1
| #define HAVE_FCNTL_H 1
| #define HAVE_SYS_TIME_H 1
| #define HAVE_UNISTD_H 1
| #define HAVE_LOCALE_H 1
| #define HAVE_SIGNAL_H 1
| #define HAVE_STDINT_H 1
| #define HAVE_REGEX_H 1
| #define SIZEOF_TIME_T 4
| #define RETSIGTYPE void
| #define HAVE_STRFTIME 1
| #define HAVE_STRDUP 1
| #define HAVE_STRSTR 1
| #define HAVE_ATEXIT 1
| #define HAVE_SETLOCALE 1
| #define HAVE_GETOPT_LONG 1
| #define HAVE_LIBRESOLV 1
| #define HAVE_LIBNSL 1
| #define HAVE_GETADDRINFO 1
| #define HAVE_INET_NTOP 1
| #define _FILE_OFFSET_BITS 64
| #define HAVE_FILENO 1
| #define HAVE_STRFTIME_Z_FORMAT 1
| #define DISPLAY_VERSION "2.6.3"
| #define HAVE_PANGO14 1
| #define HAVE_X11 1
| /* end confdefs.h.  */
| 
| /* Override any GCC internal prototype to avoid an error.
|    Use char because int might match the return type of a GCC
|    builtin and then its argument prototype would still apply.  */
| #ifdef __cplusplus
| extern "C"
| #endif
| char XScreenSaverRegister ();
| int
| main ()
| {
| return XScreenSaverRegister ();
|   ;
|   return 0;
| }
configure:20576: result: no
configure:20649: error:
XScreenSaver extension development headers not found.
Use --disable-screensaver if you do not need XScreenSaver extension support,
this is required for detecting idle time by mouse and keyboard usage.


## ---------------- ##
## Cache variables. ##
## ---------------- ##

ac_cv_build=i686-pc-linux-gnu
ac_cv_c_bigendian=no
ac_cv_c_compiler_gnu=yes
ac_cv_c_const=yes
ac_cv_env_AVAHI_CFLAGS_set=
ac_cv_env_AVAHI_CFLAGS_value=
ac_cv_env_AVAHI_LIBS_set=
ac_cv_env_AVAHI_LIBS_value=
ac_cv_env_CC_set=
ac_cv_env_CC_value=
ac_cv_env_CFLAGS_set=
ac_cv_env_CFLAGS_value=
ac_cv_env_CHECK_CFLAGS_set=
ac_cv_env_CHECK_CFLAGS_value=
ac_cv_env_CHECK_LIBS_set=
ac_cv_env_CHECK_LIBS_value=
ac_cv_env_CPPFLAGS_set=
ac_cv_env_CPPFLAGS_value=
ac_cv_env_CPP_set=
ac_cv_env_CPP_value=
ac_cv_env_DBUS_CFLAGS_set=
ac_cv_env_DBUS_CFLAGS_value=
ac_cv_env_DBUS_LIBS_set=
ac_cv_env_DBUS_LIBS_value=
ac_cv_env_EVOLUTION_ADDRESSBOOK_CFLAGS_set=
ac_cv_env_EVOLUTION_ADDRESSBOOK_CFLAGS_value=
ac_cv_env_EVOLUTION_ADDRESSBOOK_LIBS_set=
ac_cv_env_EVOLUTION_ADDRESSBOOK_LIBS_value=
ac_cv_env_FARSIGHT_CFLAGS_set=
ac_cv_env_FARSIGHT_CFLAGS_value=
ac_cv_env_FARSIGHT_LIBS_set=
ac_cv_env_FARSIGHT_LIBS_value=
ac_cv_env_GADU_CFLAGS_set=
ac_cv_env_GADU_CFLAGS_value=
ac_cv_env_GADU_LIBS_set=
ac_cv_env_GADU_LIBS_value=
ac_cv_env_GLIB_CFLAGS_set=
ac_cv_env_GLIB_CFLAGS_value=
ac_cv_env_GLIB_LIBS_set=
ac_cv_env_GLIB_LIBS_value=
ac_cv_env_GSTINTERFACES_CFLAGS_set=
ac_cv_env_GSTINTERFACES_CFLAGS_value=
ac_cv_env_GSTINTERFACES_LIBS_set=
ac_cv_env_GSTINTERFACES_LIBS_value=
ac_cv_env_GSTREAMER_CFLAGS_set=
ac_cv_env_GSTREAMER_CFLAGS_value=
ac_cv_env_GSTREAMER_LIBS_set=
ac_cv_env_GSTREAMER_LIBS_value=
ac_cv_env_GTKSPELL_CFLAGS_set=
ac_cv_env_GTKSPELL_CFLAGS_value=
ac_cv_env_GTKSPELL_LIBS_set=
ac_cv_env_GTKSPELL_LIBS_value=
ac_cv_env_GTK_CFLAGS_set=
ac_cv_env_GTK_CFLAGS_value=
ac_cv_env_GTK_LIBS_set=
ac_cv_env_GTK_LIBS_value=
ac_cv_env_IDN_CFLAGS_set=
ac_cv_env_IDN_CFLAGS_value=
ac_cv_env_IDN_LIBS_set=
ac_cv_env_IDN_LIBS_value=
ac_cv_env_LDFLAGS_set=
ac_cv_env_LDFLAGS_value=
ac_cv_env_LIBS_set=
ac_cv_env_LIBS_value=
ac_cv_env_LIBXML_CFLAGS_set=
ac_cv_env_LIBXML_CFLAGS_value=
ac_cv_env_LIBXML_LIBS_set=
ac_cv_env_LIBXML_LIBS_value=
ac_cv_env_MEANWHILE_CFLAGS_set=
ac_cv_env_MEANWHILE_CFLAGS_value=
ac_cv_env_MEANWHILE_LIBS_set=
ac_cv_env_MEANWHILE_LIBS_value=
ac_cv_env_MONO_CFLAGS_set=
ac_cv_env_MONO_CFLAGS_value=
ac_cv_env_MONO_LIBS_set=
ac_cv_env_MONO_LIBS_value=
ac_cv_env_NETWORKMANAGER_CFLAGS_set=
ac_cv_env_NETWORKMANAGER_CFLAGS_value=
ac_cv_env_NETWORKMANAGER_LIBS_set=
ac_cv_env_NETWORKMANAGER_LIBS_value=
ac_cv_env_NSS_CFLAGS_set=
ac_cv_env_NSS_CFLAGS_value=
ac_cv_env_NSS_LIBS_set=
ac_cv_env_NSS_LIBS_value=
ac_cv_env_PANGO_CFLAGS_set=
ac_cv_env_PANGO_CFLAGS_value=
ac_cv_env_PANGO_LIBS_set=
ac_cv_env_PANGO_LIBS_value=
ac_cv_env_PKG_CONFIG_set=
ac_cv_env_PKG_CONFIG_value=
ac_cv_env_SILC_CFLAGS_set=
ac_cv_env_SILC_CFLAGS_value=
ac_cv_env_SILC_LIBS_set=
ac_cv_env_SILC_LIBS_value=
ac_cv_env_SQLITE3_CFLAGS_set=
ac_cv_env_SQLITE3_CFLAGS_value=
ac_cv_env_SQLITE3_LIBS_set=
ac_cv_env_SQLITE3_LIBS_value=
ac_cv_env_STARTUP_NOTIFICATION_CFLAGS_set=
ac_cv_env_STARTUP_NOTIFICATION_CFLAGS_value=
ac_cv_env_STARTUP_NOTIFICATION_LIBS_set=
ac_cv_env_STARTUP_NOTIFICATION_LIBS_value=
ac_cv_env_X11_CFLAGS_set=
ac_cv_env_X11_CFLAGS_value=
ac_cv_env_X11_LIBS_set=
ac_cv_env_X11_LIBS_value=
ac_cv_env_XMKMF_set=
ac_cv_env_XMKMF_value=
ac_cv_env_build_alias_set=
ac_cv_env_build_alias_value=
ac_cv_env_host_alias_set=
ac_cv_env_host_alias_value=
ac_cv_env_target_alias_set=
ac_cv_env_target_alias_value=
ac_cv_func_alloca_works=yes
ac_cv_func_atexit=yes
ac_cv_func_bind_textdomain_codeset=yes
ac_cv_func_connect=yes
ac_cv_func_dcgettext=yes
ac_cv_func_dlopen=no
ac_cv_func_getaddrinfo=yes
ac_cv_func_gethostbyname=yes
ac_cv_func_getopt_long=yes
ac_cv_func_inet_aton=yes
ac_cv_func_inet_ntop=yes
ac_cv_func_remove=yes
ac_cv_func_setlocale=yes
ac_cv_func_shmat=yes
ac_cv_func_socket=yes
ac_cv_func_strdup=yes
ac_cv_func_strftime=yes
ac_cv_func_strstr=yes
ac_cv_have_x='have_x=yes	ac_x_includes='\'''\''	ac_x_libraries='\'''\'''
ac_cv_header_arpa_nameser_compat_h=yes
ac_cv_header_dlfcn_h=yes
ac_cv_header_fcntl_h=yes
ac_cv_header_inttypes_h=yes
ac_cv_header_libintl_h=yes
ac_cv_header_locale_h=yes
ac_cv_header_memory_h=yes
ac_cv_header_regex_h=yes
ac_cv_header_signal_h=yes
ac_cv_header_stdc=yes
ac_cv_header_stdint_h=yes
ac_cv_header_stdlib_h=yes
ac_cv_header_string_h=yes
ac_cv_header_strings_h=yes
ac_cv_header_sys_stat_h=yes
ac_cv_header_sys_time_h=yes
ac_cv_header_sys_types_h=yes
ac_cv_header_sys_wait_h=yes
ac_cv_header_unistd_h=yes
ac_cv_host=i686-pc-linux-gnu
ac_cv_lib_ICE_IceConnectionNumber=yes
ac_cv_lib_Xext_XScreenSaverRegister=no
ac_cv_lib_Xss_XScreenSaverRegister=no
ac_cv_lib_dl_dlopen=yes
ac_cv_lib_nsl_gethostent=yes
ac_cv_lib_resolv___res_query=yes
ac_cv_member_struct_sockaddr_sa_len=no
ac_cv_objext=o
ac_cv_path_EGREP='/bin/grep -E'
ac_cv_path_FGREP='/bin/grep -F'
ac_cv_path_GMSGFMT=/usr/bin/msgfmt
ac_cv_path_GREP=/bin/grep
ac_cv_path_INTLTOOL_EXTRACT=/usr/bin/intltool-extract
ac_cv_path_INTLTOOL_MERGE=/usr/bin/intltool-merge
ac_cv_path_INTLTOOL_PERL=/usr/bin/perl
ac_cv_path_INTLTOOL_UPDATE=/usr/bin/intltool-update
ac_cv_path_MSGFMT=/usr/bin/msgfmt
ac_cv_path_MSGMERGE=/usr/bin/msgmerge
ac_cv_path_SED=/bin/sed
ac_cv_path_XGETTEXT=/usr/bin/xgettext
ac_cv_path_ac_pt_PKG_CONFIG=/usr/bin/pkg-config
ac_cv_path_install='/usr/bin/install -c'
ac_cv_path_sedpath=/bin/sed
ac_cv_prog_AWK=mawk
ac_cv_prog_CPP='gcc -E'
ac_cv_prog_ac_ct_AR=ar
ac_cv_prog_ac_ct_CC=gcc
ac_cv_prog_ac_ct_OBJDUMP=objdump
ac_cv_prog_ac_ct_RANLIB=ranlib
ac_cv_prog_ac_ct_STRIP=strip
ac_cv_prog_cc_c89=
ac_cv_prog_cc_g=yes
ac_cv_prog_cc_gcc_c_o=yes
ac_cv_prog_make_make_set=yes
ac_cv_sizeof_time_t=4
ac_cv_struct_tm=time.h
ac_cv_sys_file_offset_bits=64
ac_cv_sys_largefile_CC=no
ac_cv_target=i686-pc-linux-gnu
ac_cv_type_signal=void
ac_cv_working_alloca_h=yes
am_cv_CC_dependencies_compiler_type=gcc3
am_cv_val_LC_MESSAGES=yes
gt_cv_func_dgettext_libc=yes
gt_cv_func_dgettext_libintl=no
gt_cv_func_ngettext_libc=yes
gt_cv_have_gettext=yes
lt_cv_deplibs_check_method=pass_all
lt_cv_file_magic_cmd='$MAGIC_CMD'
lt_cv_file_magic_test_file=
lt_cv_ld_reload_flag=-r
lt_cv_nm_interface='BSD nm'
lt_cv_objdir=.libs
lt_cv_path_LD=/usr/bin/ld
lt_cv_path_NM='/usr/bin/nm -B'
lt_cv_prog_compiler_c_o=yes
lt_cv_prog_compiler_pic_works=yes
lt_cv_prog_compiler_rtti_exceptions=no
lt_cv_prog_compiler_static_works=yes
lt_cv_prog_gnu_ld=yes
lt_cv_sys_global_symbol_pipe='sed -n -e '\''s/^.*[	 ]\([ABCDGIRSTW][ABCDGIRSTW]*\)[	 ][	 ]*\([_A-Za-z][_A-Za-z0-9]*\)$/\1 \2 \2/p'\'''
lt_cv_sys_global_symbol_to_c_name_address='sed -n -e '\''s/^: \([^ ]*\) $/  {\"\1\", (void *) 0},/p'\'' -e '\''s/^[ABCDGIRSTW]* \([^ ]*\) \([^ ]*\)$/  {"\2", (void *) \&\2},/p'\'''
lt_cv_sys_global_symbol_to_c_name_address_lib_prefix='sed -n -e '\''s/^: \([^ ]*\) $/  {\"\1\", (void *) 0},/p'\'' -e '\''s/^[ABCDGIRSTW]* \([^ ]*\) \(lib[^ ]*\)$/  {"\2", (void *) \&\2},/p'\'' -e '\''s/^[ABCDGIRSTW]* \([^ ]*\) \([^ ]*\)$/  {"lib\2", (void *) \&\2},/p'\'''
lt_cv_sys_global_symbol_to_cdecl='sed -n -e '\''s/^T .* \(.*\)$/extern int \1();/p'\'' -e '\''s/^[ABCDGIRSTW]* .* \(.*\)$/extern char \1;/p'\'''
lt_cv_sys_max_cmd_len=98304
pkg_cv_GLIB_CFLAGS='-pthread -I/usr/include/glib-2.0 -I/usr/lib/glib-2.0/include  '
pkg_cv_GLIB_LIBS='-Wl,--export-dynamic -pthread -lgobject-2.0 -lgmodule-2.0 -ldl -lgthread-2.0 -lrt -lglib-2.0  '
pkg_cv_GTK_CFLAGS='-I/usr/include/gtk-2.0 -I/usr/lib/gtk-2.0/include -I/usr/include/atk-1.0 -I/usr/include/cairo -I/usr/include/pango-1.0 -I/usr/include/glib-2.0 -I/usr/lib/glib-2.0/include -I/usr/include/freetype2 -I/usr/include/libpng12 -I/usr/include/pixman-1  '
pkg_cv_GTK_LIBS='-lgtk-x11-2.0 -lgdk-x11-2.0 -latk-1.0 -lgdk_pixbuf-2.0 -lm -lpangocairo-1.0 -lpango-1.0 -lcairo -lgobject-2.0 -lgmodule-2.0 -ldl -lglib-2.0  '
pkg_cv_PANGO_CFLAGS='-I/usr/include/pango-1.0 -I/usr/include/glib-2.0 -I/usr/lib/glib-2.0/include  '
pkg_cv_PANGO_LIBS='-lpango-1.0 -lgobject-2.0 -lgmodule-2.0 -ldl -lglib-2.0  '
pkg_cv_X11_CFLAGS=' '
pkg_cv_X11_LIBS='-lX11  '

## ----------------- ##
## Output variables. ##
## ----------------- ##

ACLOCAL='${SHELL} /home/hcy/Downloads/pidgin-2.6.3/missing --run aclocal-1.9'
ALLOCA=''
ALL_LINGUAS='af am ar az be@latin bg bn bs ca ca@valencia cs da de dz el en_AU en_CA en_GB eo es et eu fa fi fr ga gl gu he hi hu hy id it ja ka km kn ko ku lo lt mk mn my_MM nb ne nl nn oc pa pl pt_BR pt ps ro ru si sk sl sq sr sr@latin sv sw ta te th tr uk ur vi xh zh_CN zh_HK zh_TW'
AMDEPBACKSLASH='\'
AMDEP_FALSE='#'
AMDEP_TRUE=''
AMTAR='${SHELL} /home/hcy/Downloads/pidgin-2.6.3/missing --run tar'
AR='ar'
AUTOCONF='${SHELL} /home/hcy/Downloads/pidgin-2.6.3/missing --run autoconf'
AUTOHEADER='${SHELL} /home/hcy/Downloads/pidgin-2.6.3/missing --run autoheader'
AUTOMAKE='${SHELL} /home/hcy/Downloads/pidgin-2.6.3/missing --run automake-1.9'
AVAHI_CFLAGS=''
AVAHI_LIBS=''
AWK='mawk'
BUILD_GEVOLUTION_FALSE=''
BUILD_GEVOLUTION_TRUE=''
CATALOGS=' af.gmo am.gmo ar.gmo az.gmo be@latin.gmo bg.gmo bn.gmo bs.gmo ca.gmo ca@valencia.gmo cs.gmo da.gmo de.gmo dz.gmo el.gmo en_AU.gmo en_CA.gmo en_GB.gmo eo.gmo es.gmo et.gmo eu.gmo fa.gmo fi.gmo fr.gmo ga.gmo gl.gmo gu.gmo he.gmo hi.gmo hu.gmo hy.gmo id.gmo it.gmo ja.gmo ka.gmo km.gmo kn.gmo ko.gmo ku.gmo lo.gmo lt.gmo mk.gmo mn.gmo my_MM.gmo nb.gmo ne.gmo nl.gmo nn.gmo oc.gmo pa.gmo pl.gmo pt_BR.gmo pt.gmo ps.gmo ro.gmo ru.gmo si.gmo sk.gmo sl.gmo sq.gmo sr.gmo sr@latin.gmo sv.gmo sw.gmo ta.gmo te.gmo th.gmo tr.gmo uk.gmo ur.gmo vi.gmo xh.gmo zh_CN.gmo zh_HK.gmo zh_TW.gmo'
CATOBJEXT='.gmo'
CC='gcc'
CCDEPMODE='depmode=gcc3'
CFLAGS='-g -O2'
CHECK_CFLAGS=''
CHECK_LIBS=''
CPP='gcc -E'
CPPFLAGS=''
CYGPATH_W='echo'
DATADIRNAME='share'
DBUS_CFLAGS=''
DBUS_LIBS=''
DBUS_SERVICES_DIR=''
DEBUG_CFLAGS=''
DEFS=''
DEPDIR='.deps'
DISTRIB_FALSE=''
DISTRIB_TRUE=''
DOT=''
DOXYGEN=''
DSYMUTIL=''
DUMPBIN=''
DYNALOADER_A=''
DYNAMIC_PRPLS=''
ECHO_C=''
ECHO_N='-n'
ECHO_T=''
EGREP='/bin/grep -E'
ENABLE_CAP_FALSE=''
ENABLE_CAP_TRUE=''
ENABLE_DBUS_FALSE=''
ENABLE_DBUS_TRUE=''
ENABLE_GESTURES_FALSE=''
ENABLE_GESTURES_TRUE=''
ENABLE_GNT_FALSE=''
ENABLE_GNT_TRUE=''
ENABLE_GTK_FALSE=''
ENABLE_GTK_TRUE=''
EVOLUTION_ADDRESSBOOK_CFLAGS=''
EVOLUTION_ADDRESSBOOK_LIBS=''
EXEEXT=''
EXTERNAL_LIBZEPHYR_FALSE=''
EXTERNAL_LIBZEPHYR_TRUE=''
FARSIGHT_CFLAGS=''
FARSIGHT_LIBS=''
FGREP='/bin/grep -F'
GADU_CFLAGS=''
GADU_LIBS=''
GCONFTOOL=''
GCONF_SCHEMAS_INSTALL_FALSE=''
GCONF_SCHEMAS_INSTALL_TRUE=''
GCONF_SCHEMA_CONFIG_SOURCE=''
GCONF_SCHEMA_FILE_DIR=''
GETTEXT_PACKAGE='pidgin'
GLIB_CFLAGS='-pthread -I/usr/include/glib-2.0 -I/usr/lib/glib-2.0/include  '
GLIB_GENMARSHAL='glib-genmarshal'
GLIB_LIBS='-Wl,--export-dynamic -pthread -lgobject-2.0 -lgmodule-2.0 -ldl -lgthread-2.0 -lrt -lglib-2.0  '
GMOFILES=' af.gmo am.gmo ar.gmo az.gmo be@latin.gmo bg.gmo bn.gmo bs.gmo ca.gmo ca@valencia.gmo cs.gmo da.gmo de.gmo dz.gmo el.gmo en_AU.gmo en_CA.gmo en_GB.gmo eo.gmo es.gmo et.gmo eu.gmo fa.gmo fi.gmo fr.gmo ga.gmo gl.gmo gu.gmo he.gmo hi.gmo hu.gmo hy.gmo id.gmo it.gmo ja.gmo ka.gmo km.gmo kn.gmo ko.gmo ku.gmo lo.gmo lt.gmo mk.gmo mn.gmo my_MM.gmo nb.gmo ne.gmo nl.gmo nn.gmo oc.gmo pa.gmo pl.gmo pt_BR.gmo pt.gmo ps.gmo ro.gmo ru.gmo si.gmo sk.gmo sl.gmo sq.gmo sr.gmo sr@latin.gmo sv.gmo sw.gmo ta.gmo te.gmo th.gmo tr.gmo uk.gmo ur.gmo vi.gmo xh.gmo zh_CN.gmo zh_HK.gmo zh_TW.gmo'
GMSGFMT='/usr/bin/msgfmt'
GNT_CFLAGS=''
GNT_LIBS=''
GNT_LT_VERSION_INFO='6:3:6'
GNT_MAJOR_VERSION='2'
GNT_MICRO_VERSION='3'
GNT_MINOR_VERSION='6'
GNT_VERSION='gnt_display_version'
GNUTLS_CFLAGS=''
GNUTLS_LIBS=''
GREP='/bin/grep'
GSTINTERFACES_CFLAGS=''
GSTINTERFACES_LIBS=''
GSTREAMER_CFLAGS=''
GSTREAMER_LIBS=''
GTKSPELL_CFLAGS=''
GTKSPELL_LIBS=''
GTK_CFLAGS='-I/usr/include/gtk-2.0 -I/usr/lib/gtk-2.0/include -I/usr/include/atk-1.0 -I/usr/include/cairo -I/usr/include/pango-1.0 -I/usr/include/glib-2.0 -I/usr/lib/glib-2.0/include -I/usr/include/freetype2 -I/usr/include/libpng12 -I/usr/include/pixman-1  '
GTK_LIBS='-lgtk-x11-2.0 -lgdk-x11-2.0 -latk-1.0 -lgdk_pixbuf-2.0 -lm -lpangocairo-1.0 -lpango-1.0 -lcairo -lgobject-2.0 -lgmodule-2.0 -ldl -lglib-2.0  '
HAVE_CHECK_FALSE=''
HAVE_CHECK_TRUE=''
HAVE_DOXYGEN_FALSE=''
HAVE_DOXYGEN_TRUE=''
HAVE_XSLTPROC_FALSE=''
HAVE_XSLTPROC_TRUE=''
IDN_CFLAGS=''
IDN_LIBS=''
INSTALL_DATA='${INSTALL} -m 644'
INSTALL_I18N_FALSE=''
INSTALL_I18N_TRUE=''
INSTALL_PIXMAPS_FALSE=''
INSTALL_PIXMAPS_TRUE=''
INSTALL_PROGRAM='${INSTALL}'
INSTALL_SCRIPT='${INSTALL}'
INSTALL_SSL_CERTIFICATES_FALSE=''
INSTALL_SSL_CERTIFICATES_TRUE=''
INSTALL_STRIP_PROGRAM='${SHELL} $(install_sh) -c -s'
INSTOBJEXT='.mo'
INTLLIBS=''
INTLTOOL_CAVES_RULE='%.caves:     %.caves.in     $(INTLTOOL_MERGE) $(wildcard $(top_srcdir)/po/*.po) ; LC_ALL=C $(INTLTOOL_MERGE) -d -u -c $(top_builddir)/po/.intltool-merge-cache $(top_srcdir)/po $< $@'
INTLTOOL_DESKTOP_RULE='%.desktop:   %.desktop.in   $(INTLTOOL_MERGE) $(wildcard $(top_srcdir)/po/*.po) ; LC_ALL=C $(INTLTOOL_MERGE) -d -u -c $(top_builddir)/po/.intltool-merge-cache $(top_srcdir)/po $< $@'
INTLTOOL_DIRECTORY_RULE='%.directory: %.directory.in $(INTLTOOL_MERGE) $(wildcard $(top_srcdir)/po/*.po) ; LC_ALL=C $(INTLTOOL_MERGE) -d -u -c $(top_builddir)/po/.intltool-merge-cache $(top_srcdir)/po $< $@'
INTLTOOL_EXTRACT='/usr/bin/intltool-extract'
INTLTOOL_KBD_RULE='%.kbd:       %.kbd.in       $(INTLTOOL_MERGE) $(wildcard $(top_srcdir)/po/*.po) ; LC_ALL=C $(INTLTOOL_MERGE) -x -u -m -c $(top_builddir)/po/.intltool-merge-cache $(top_srcdir)/po $< $@'
INTLTOOL_KEYS_RULE='%.keys:      %.keys.in      $(INTLTOOL_MERGE) $(wildcard $(top_srcdir)/po/*.po) ; LC_ALL=C $(INTLTOOL_MERGE) -k -u -c $(top_builddir)/po/.intltool-merge-cache $(top_srcdir)/po $< $@'
INTLTOOL_MERGE='/usr/bin/intltool-merge'
INTLTOOL_OAF_RULE='%.oaf:       %.oaf.in       $(INTLTOOL_MERGE) $(wildcard $(top_srcdir)/po/*.po) ; LC_ALL=C $(INTLTOOL_MERGE) -o -p $(top_srcdir)/po $< $@'
INTLTOOL_PERL='/usr/bin/perl'
INTLTOOL_POLICY_RULE='%.policy:    %.policy.in    $(INTLTOOL_MERGE) $(wildcard $(top_srcdir)/po/*.po) ; LC_ALL=C $(INTLTOOL_MERGE) -x -u -c $(top_builddir)/po/.intltool-merge-cache $(top_srcdir)/po $< $@'
INTLTOOL_PONG_RULE='%.pong:      %.pong.in      $(INTLTOOL_MERGE) $(wildcard $(top_srcdir)/po/*.po) ; LC_ALL=C $(INTLTOOL_MERGE) -x -u -c $(top_builddir)/po/.intltool-merge-cache $(top_srcdir)/po $< $@'
INTLTOOL_PROP_RULE='%.prop:      %.prop.in      $(INTLTOOL_MERGE) $(wildcard $(top_srcdir)/po/*.po) ; LC_ALL=C $(INTLTOOL_MERGE) -d -u -c $(top_builddir)/po/.intltool-merge-cache $(top_srcdir)/po $< $@'
INTLTOOL_SCHEMAS_RULE='%.schemas:   %.schemas.in   $(INTLTOOL_MERGE) $(wildcard $(top_srcdir)/po/*.po) ; LC_ALL=C $(INTLTOOL_MERGE) -s -u -c $(top_builddir)/po/.intltool-merge-cache $(top_srcdir)/po $< $@'
INTLTOOL_SERVER_RULE='%.server:    %.server.in    $(INTLTOOL_MERGE) $(wildcard $(top_srcdir)/po/*.po) ; LC_ALL=C $(INTLTOOL_MERGE) -o -u -c $(top_builddir)/po/.intltool-merge-cache $(top_srcdir)/po $< $@'
INTLTOOL_SERVICE_RULE='%.service: %.service.in   $(INTLTOOL_MERGE) $(wildcard $(top_srcdir)/po/*.po) ; LC_ALL=C $(INTLTOOL_MERGE) -d -u -c $(top_builddir)/po/.intltool-merge-cache $(top_srcdir)/po $< $@'
INTLTOOL_SHEET_RULE='%.sheet:     %.sheet.in     $(INTLTOOL_MERGE) $(wildcard $(top_srcdir)/po/*.po) ; LC_ALL=C $(INTLTOOL_MERGE) -x -u -c $(top_builddir)/po/.intltool-merge-cache $(top_srcdir)/po $< $@'
INTLTOOL_SOUNDLIST_RULE='%.soundlist: %.soundlist.in $(INTLTOOL_MERGE) $(wildcard $(top_srcdir)/po/*.po) ; LC_ALL=C $(INTLTOOL_MERGE) -d -u -c $(top_builddir)/po/.intltool-merge-cache $(top_srcdir)/po $< $@'
INTLTOOL_THEME_RULE='%.theme:     %.theme.in     $(INTLTOOL_MERGE) $(wildcard $(top_srcdir)/po/*.po) ; LC_ALL=C $(INTLTOOL_MERGE) -d -u -c $(top_builddir)/po/.intltool-merge-cache $(top_srcdir)/po $< $@'
INTLTOOL_UI_RULE='%.ui:        %.ui.in        $(INTLTOOL_MERGE) $(wildcard $(top_srcdir)/po/*.po) ; LC_ALL=C $(INTLTOOL_MERGE) -x -u -c $(top_builddir)/po/.intltool-merge-cache $(top_srcdir)/po $< $@'
INTLTOOL_UPDATE='/usr/bin/intltool-update'
INTLTOOL_XAM_RULE='%.xam:       %.xml.in       $(INTLTOOL_MERGE) $(wildcard $(top_srcdir)/po/*.po) ; LC_ALL=C $(INTLTOOL_MERGE) -x -u -c $(top_builddir)/po/.intltool-merge-cache $(top_srcdir)/po $< $@'
INTLTOOL_XML_NOMERGE_RULE='%.xml:       %.xml.in       $(INTLTOOL_MERGE) ; LC_ALL=C $(INTLTOOL_MERGE) -x -u /tmp $< $@'
INTLTOOL_XML_RULE='%.xml:       %.xml.in       $(INTLTOOL_MERGE) $(wildcard $(top_srcdir)/po/*.po) ; LC_ALL=C $(INTLTOOL_MERGE) -x -u -c $(top_builddir)/po/.intltool-merge-cache $(top_srcdir)/po $< $@'
KRB4_CFLAGS=''
KRB4_LDFLAGS=''
KRB4_LIBS=''
LD='/usr/bin/ld'
LDADD=''
LDFLAGS=''
LIBOBJS=''
LIBPERL_A=''
LIBS='-lnsl -lresolv '
LIBTOOL='$(SHELL) $(top_builddir)/libtool --silent'
LIBXML_CFLAGS=''
LIBXML_LIBS=''
LIPO=''
LN_S='ln -s'
LTLIBOBJS=''
MAKEINFO='${SHELL} /home/hcy/Downloads/pidgin-2.6.3/missing --run makeinfo'
MEANWHILE_CFLAGS=''
MEANWHILE_LIBS=''
MKINSTALLDIRS='./mkinstalldirs'
MONO_CFLAGS=''
MONO_LIBS=''
MSGFMT='/usr/bin/msgfmt'
MSGFMT_OPTS='-c'
MSGMERGE='/usr/bin/msgmerge'
NETWORKMANAGER_CFLAGS=''
NETWORKMANAGER_LIBS=''
NM='/usr/bin/nm -B'
NMEDIT=''
NSS_CFLAGS=''
NSS_LIBS=''
OBJDUMP='objdump'
OBJEXT='o'
OTOOL64=''
OTOOL=''
PACKAGE='pidgin'
PACKAGE_BUGREPORT='devel@pidgin.im'
PACKAGE_NAME='pidgin'
PACKAGE_STRING='pidgin 2.6.3'
PACKAGE_TARNAME='pidgin'
PACKAGE_VERSION='2.6.3'
PANGO_CFLAGS='-I/usr/include/pango-1.0 -I/usr/include/glib-2.0 -I/usr/lib/glib-2.0/include  '
PANGO_LIBS='-lpango-1.0 -lgobject-2.0 -lgmodule-2.0 -ldl -lglib-2.0  '
PATH_SEPARATOR=':'
PERL=''
PERL_CFLAGS=''
PERL_LIBS=''
PKG_CONFIG='/usr/bin/pkg-config'
PLUGINS_DEFINE=''
PLUGINS_FALSE=''
PLUGINS_TRUE=''
POFILES=' af.po am.po ar.po az.po be@latin.po bg.po bn.po bs.po ca.po ca@valencia.po cs.po da.po de.po dz.po el.po en_AU.po en_CA.po en_GB.po eo.po es.po et.po eu.po fa.po fi.po fr.po ga.po gl.po gu.po he.po hi.po hu.po hy.po id.po it.po ja.po ka.po km.po kn.po ko.po ku.po lo.po lt.po mk.po mn.po my_MM.po nb.po ne.po nl.po nn.po oc.po pa.po pl.po pt_BR.po pt.po ps.po ro.po ru.po si.po sk.po sl.po sq.po sr.po sr@latin.po sv.po sw.po ta.po te.po th.po tr.po uk.po ur.po vi.po xh.po zh_CN.po zh_HK.po zh_TW.po'
POSUB='po'
PO_IN_DATADIR_FALSE=''
PO_IN_DATADIR_TRUE=''
PURPLE_AVAILABLE_FALSE=''
PURPLE_AVAILABLE_TRUE=''
PURPLE_LT_VERSION_INFO='6:3:6'
PURPLE_MAJOR_VERSION='2'
PURPLE_MICRO_VERSION='3'
PURPLE_MINOR_VERSION='6'
PURPLE_VERSION='purple_display_version'
PYTHON=''
PY_CFLAGS=''
PY_LIBS=''
RANLIB='ranlib'
SASL_LIBS=''
SED='/bin/sed'
SET_MAKE=''
SHELL='/bin/bash'
SILC_CFLAGS=''
SILC_LIBS=''
SM_LIBS=''
SQLITE3_CFLAGS=''
SQLITE3_LIBS=''
SSL_CERTIFICATES_DIR=''
STARTUP_NOTIFICATION_CFLAGS=''
STARTUP_NOTIFICATION_LIBS=''
STATIC_BONJOUR_FALSE=''
STATIC_BONJOUR_TRUE=''
STATIC_GG_FALSE=''
STATIC_GG_TRUE=''
STATIC_IRC_FALSE=''
STATIC_IRC_TRUE=''
STATIC_JABBER_FALSE=''
STATIC_JABBER_TRUE=''
STATIC_LINK_LIBS=''
STATIC_MSN_FALSE=''
STATIC_MSN_TRUE=''
STATIC_MYSPACE_FALSE=''
STATIC_MYSPACE_TRUE=''
STATIC_NOVELL_FALSE=''
STATIC_NOVELL_TRUE=''
STATIC_OSCAR_FALSE=''
STATIC_OSCAR_TRUE=''
STATIC_PRPLS=''
STATIC_QQ_FALSE=''
STATIC_QQ_TRUE=''
STATIC_SAMETIME_FALSE=''
STATIC_SAMETIME_TRUE=''
STATIC_SILC_FALSE=''
STATIC_SILC_TRUE=''
STATIC_SIMPLE_FALSE=''
STATIC_SIMPLE_TRUE=''
STATIC_YAHOO_FALSE=''
STATIC_YAHOO_TRUE=''
STATIC_ZEPHYR_FALSE=''
STATIC_ZEPHYR_TRUE=''
STRIP='strip'
TCL_CFLAGS=''
TCL_LIBS=''
TK_LIBS=''
USE_GCONFTOOL_FALSE=''
USE_GCONFTOOL_TRUE=''
USE_GNUTLS_FALSE=''
USE_GNUTLS_TRUE=''
USE_INTERNAL_LIBGADU_FALSE=''
USE_INTERNAL_LIBGADU_TRUE=''
USE_MONO_FALSE=''
USE_MONO_TRUE=''
USE_NLS='yes'
USE_NSS_FALSE=''
USE_NSS_TRUE=''
USE_PERL_FALSE=''
USE_PERL_TRUE=''
USE_TCL_FALSE=''
USE_TCL_TRUE=''
USE_TK_FALSE=''
USE_TK_TRUE=''
USE_VV_FALSE=''
USE_VV_TRUE=''
VERSION='2.6.3'
X11_CFLAGS=' '
X11_LIBS='-lX11  '
XGETTEXT='/usr/bin/xgettext'
XMKMF=''
XSLTPROC=''
XSS_LIBS=''
X_CFLAGS=''
X_EXTRA_LIBS=''
X_LIBS=''
X_PRE_LIBS=' -lSM -lICE'
ZEPHYR_CFLAGS=''
ZEPHYR_LDFLAGS=''
ZEPHYR_LIBS=''
ac_ct_CC='gcc'
ac_ct_DUMPBIN=''
am__fastdepCC_FALSE='#'
am__fastdepCC_TRUE=''
am__include='include'
am__leading_dot='.'
am__quote=''
am__tar='${AMTAR} chof - "$$tardir"'
am__untar='${AMTAR} xf -'
bindir='${exec_prefix}/bin'
build='i686-pc-linux-gnu'
build_alias=''
build_cpu='i686'
build_os='linux-gnu'
build_vendor='pc'
datadir='${datarootdir}'
datarootdir='${prefix}/share'
docdir='${datarootdir}/doc/${PACKAGE_TARNAME}'
dvidir='${docdir}'
enable_dbus=''
enable_devhelp=''
enable_dot=''
enable_doxygen=''
exec_prefix='NONE'
host='i686-pc-linux-gnu'
host_alias=''
host_cpu='i686'
host_os='linux-gnu'
host_vendor='pc'
htmldir='${docdir}'
includedir='${prefix}/include'
infodir='${datarootdir}/info'
install_sh='/home/hcy/Downloads/pidgin-2.6.3/install-sh'
libdir='${exec_prefix}/lib'
libexecdir='${exec_prefix}/libexec'
localedir='${datarootdir}/locale'
localstatedir='${prefix}/var'
lt_ECHO='echo'
mandir='${datarootdir}/man'
mkdir_p='mkdir -p --'
oldincludedir='/usr/include'
pdfdir='${docdir}'
perlpath=''
pidginpath=''
prefix='NONE'
program_transform_name='s,x,x,'
psdir='${docdir}'
pythonpath=''
sbindir='${exec_prefix}/sbin'
sedpath='/bin/sed'
sharedstatedir='${prefix}/com'
sysconfdir='${prefix}/etc'
target='i686-pc-linux-gnu'
target_alias=''
target_cpu='i686'
target_os='linux-gnu'
target_vendor='pc'

## ----------- ##
## confdefs.h. ##
## ----------- ##

#define PACKAGE_NAME "pidgin"
#define PACKAGE_TARNAME "pidgin"
#define PACKAGE_VERSION "2.6.3"
#define PACKAGE_STRING "pidgin 2.6.3"
#define PACKAGE_BUGREPORT "devel@pidgin.im"
#define PACKAGE "pidgin"
#define VERSION "2.6.3"
#define CONFIG_ARGS ""
#define STDC_HEADERS 1
#define HAVE_SYS_TYPES_H 1
#define HAVE_SYS_STAT_H 1
#define HAVE_STDLIB_H 1
#define HAVE_STRING_H 1
#define HAVE_MEMORY_H 1
#define HAVE_STRINGS_H 1
#define HAVE_INTTYPES_H 1
#define HAVE_STDINT_H 1
#define HAVE_UNISTD_H 1
#define HAVE_DLFCN_H 1
#define LT_OBJDIR ".libs/"
#define HAVE_ALLOCA_H 1
#define HAVE_ALLOCA 1
#define HAVE_LOCALE_H 1
#define HAVE_LC_MESSAGES 1
#define HAVE_BIND_TEXTDOMAIN_CODESET 1
#define HAVE_GETTEXT 1
#define HAVE_DCGETTEXT 1
#define ENABLE_NLS 1
#define STDC_HEADERS 1
#define HAVE_SYS_WAIT_H 1
#define HAVE_ARPA_NAMESER_COMPAT_H 1
#define HAVE_FCNTL_H 1
#define HAVE_SYS_TIME_H 1
#define HAVE_UNISTD_H 1
#define HAVE_LOCALE_H 1
#define HAVE_SIGNAL_H 1
#define HAVE_STDINT_H 1
#define HAVE_REGEX_H 1
#define SIZEOF_TIME_T 4
#define RETSIGTYPE void
#define HAVE_STRFTIME 1
#define HAVE_STRDUP 1
#define HAVE_STRSTR 1
#define HAVE_ATEXIT 1
#define HAVE_SETLOCALE 1
#define HAVE_GETOPT_LONG 1
#define HAVE_LIBRESOLV 1
#define HAVE_LIBNSL 1
#define HAVE_GETADDRINFO 1
#define HAVE_INET_NTOP 1
#define _FILE_OFFSET_BITS 64
#define HAVE_FILENO 1
#define HAVE_STRFTIME_Z_FORMAT 1
#define DISPLAY_VERSION "2.6.3"
#define HAVE_PANGO14 1
#define HAVE_X11 1

configure: exit 1
