This file contains any messages produced by compilers while
running configure, to aid debugging if configure makes a mistake.

It was created by Empathy configure 2.29.1, which was
generated by GNU Autoconf 2.61.  Invocation command line was

  $ ./configure --enable-maintainer-mode

## --------- ##
## Platform. ##
## --------- ##

hostname = hcy-desktop
uname -m = i686
uname -r = 2.6.24-24-generic
uname -s = Linux
uname -v = #1 SMP Fri Sep 18 16:49:39 UTC 2009

/usr/bin/uname -p = unknown
/bin/uname -X     = unknown

/bin/arch              = unknown
/usr/bin/arch -k       = unknown
/usr/convex/getsysinfo = unknown
/usr/bin/hostinfo      = unknown
/bin/machine           = unknown
/usr/bin/oslevel       = unknown
/bin/universe          = unknown

PATH: /home/hcy/ProgramFiles/qtsdk4.5/qt//bin
PATH: /usr/local/sbin
PATH: /usr/local/bin
PATH: /usr/sbin
PATH: /usr/bin
PATH: /sbin
PATH: /bin
PATH: /usr/games
PATH: /home/hcy/ProgramFiles/bin


## ----------- ##
## Core tests. ##
## ----------- ##

configure:2216: checking whether to enable maintainer-specific portions of Makefiles
configure:2225: result: yes
configure:2316: checking for a BSD-compatible install
configure:2372: result: /usr/bin/install -c
configure:2383: checking whether build environment is sane
configure:2426: result: yes
configure:2454: checking for a thread-safe mkdir -p
configure:2493: result: /bin/mkdir -p
configure:2506: checking for gawk
configure:2536: result: no
configure:2506: checking for mawk
configure:2522: found /usr/bin/mawk
configure:2533: result: mawk
configure:2544: checking whether make sets $(MAKE)
configure:2565: result: yes
configure:2756: checking for style of include used by make
configure:2784: result: GNU
configure:2854: checking for gcc
configure:2870: found /usr/bin/gcc
configure:2881: result: gcc
configure:3119: checking for C compiler version
configure:3126: gcc --version >&5
gcc (GCC) 4.2.4 (Ubuntu 4.2.4-1ubuntu4)
Copyright (C) 2007 Free Software Foundation, Inc.
This is free software; see the source for copying conditions.  There is NO
warranty; not even for MERCHANTABILITY or FITNESS FOR A PARTICULAR PURPOSE.

configure:3129: $? = 0
configure:3136: gcc -v >&5
Using built-in specs.
Target: i486-linux-gnu
Configured with: ../src/configure -v --enable-languages=c,c++,fortran,objc,obj-c++,treelang --prefix=/usr --enable-shared --with-system-zlib --libexecdir=/usr/lib --without-included-gettext --enable-threads=posix --enable-nls --with-gxx-include-dir=/usr/include/c++/4.2 --program-suffix=-4.2 --enable-clocale=gnu --enable-libstdcxx-debug --enable-objc-gc --enable-mpfr --enable-targets=all --enable-checking=release --build=i486-linux-gnu --host=i486-linux-gnu --target=i486-linux-gnu
Thread model: posix
gcc version 4.2.4 (Ubuntu 4.2.4-1ubuntu4)
configure:3139: $? = 0
configure:3146: gcc -V >&5
gcc: '-V' option must have argument
configure:3149: $? = 1
configure:3172: checking for C compiler default output file name
configure:3199: gcc    conftest.c  >&5
configure:3202: $? = 0
configure:3240: result: a.out
configure:3257: checking whether the C compiler works
configure:3267: ./a.out
configure:3270: $? = 0
configure:3287: result: yes
configure:3294: checking whether we are cross compiling
configure:3296: result: no
configure:3299: checking for suffix of executables
configure:3306: gcc -o conftest    conftest.c  >&5
configure:3309: $? = 0
configure:3333: result: 
configure:3339: checking for suffix of object files
configure:3365: gcc -c   conftest.c >&5
configure:3368: $? = 0
configure:3391: result: o
configure:3395: checking whether we are using the GNU C compiler
configure:3424: gcc -c   conftest.c >&5
configure:3430: $? = 0
configure:3447: result: yes
configure:3452: checking whether gcc accepts -g
configure:3482: gcc -c -g  conftest.c >&5
configure:3488: $? = 0
configure:3587: result: yes
configure:3604: checking for gcc option to accept ISO C89
configure:3678: gcc  -c -g -O2  conftest.c >&5
configure:3684: $? = 0
configure:3707: result: none needed
configure:3727: checking dependency style of gcc
configure:3818: result: gcc3
configure:3834: checking for library containing strerror
configure:3875: gcc -o conftest -g -O2   conftest.c  >&5
configure:3881: $? = 0
configure:3909: result: none required
configure:3965: checking for gcc
configure:3992: result: gcc
configure:4230: checking for C compiler version
configure:4237: gcc --version >&5
gcc (GCC) 4.2.4 (Ubuntu 4.2.4-1ubuntu4)
Copyright (C) 2007 Free Software Foundation, Inc.
This is free software; see the source for copying conditions.  There is NO
warranty; not even for MERCHANTABILITY or FITNESS FOR A PARTICULAR PURPOSE.

configure:4240: $? = 0
configure:4247: gcc -v >&5
Using built-in specs.
Target: i486-linux-gnu
Configured with: ../src/configure -v --enable-languages=c,c++,fortran,objc,obj-c++,treelang --prefix=/usr --enable-shared --with-system-zlib --libexecdir=/usr/lib --without-included-gettext --enable-threads=posix --enable-nls --with-gxx-include-dir=/usr/include/c++/4.2 --program-suffix=-4.2 --enable-clocale=gnu --enable-libstdcxx-debug --enable-objc-gc --enable-mpfr --enable-targets=all --enable-checking=release --build=i486-linux-gnu --host=i486-linux-gnu --target=i486-linux-gnu
Thread model: posix
gcc version 4.2.4 (Ubuntu 4.2.4-1ubuntu4)
configure:4250: $? = 0
configure:4257: gcc -V >&5
gcc: '-V' option must have argument
configure:4260: $? = 1
configure:4263: checking whether we are using the GNU C compiler
configure:4315: result: yes
configure:4320: checking whether gcc accepts -g
configure:4455: result: yes
configure:4472: checking for gcc option to accept ISO C89
configure:4575: result: none needed
configure:4595: checking dependency style of gcc
configure:4686: result: gcc3
configure:4706: checking how to run the C preprocessor
configure:4746: gcc -E  conftest.c
configure:4752: $? = 0
configure:4783: gcc -E  conftest.c
conftest.c:8:28: error: ac_nonexistent.h: No such file or directory
configure:4789: $? = 1
configure: failed program was:
| /* confdefs.h.  */
| #define PACKAGE_NAME "Empathy"
| #define PACKAGE_TARNAME "empathy"
| #define PACKAGE_VERSION "2.29.1"
| #define PACKAGE_STRING "Empathy 2.29.1"
| #define PACKAGE_BUGREPORT "http://bugzilla.gnome.org/browse.cgi?product=empathy"
| /* end confdefs.h.  */
| #include <ac_nonexistent.h>
configure:4822: result: gcc -E
configure:4851: gcc -E  conftest.c
configure:4857: $? = 0
configure:4888: gcc -E  conftest.c
conftest.c:8:28: error: ac_nonexistent.h: No such file or directory
configure:4894: $? = 1
configure: failed program was:
| /* confdefs.h.  */
| #define PACKAGE_NAME "Empathy"
| #define PACKAGE_TARNAME "empathy"
| #define PACKAGE_VERSION "2.29.1"
| #define PACKAGE_STRING "Empathy 2.29.1"
| #define PACKAGE_BUGREPORT "http://bugzilla.gnome.org/browse.cgi?product=empathy"
| /* end confdefs.h.  */
| #include <ac_nonexistent.h>
configure:4932: checking for grep that handles long lines and -e
configure:5006: result: /bin/grep
configure:5011: checking for egrep
configure:5089: result: /bin/grep -E
configure:5094: checking for ANSI C header files
configure:5124: gcc -c -g -O2  conftest.c >&5
configure:5130: $? = 0
configure:5229: gcc -o conftest -g -O2   conftest.c  >&5
configure:5232: $? = 0
configure:5238: ./conftest
configure:5241: $? = 0
configure:5258: result: yes
configure:5299: checking build system type
configure:5317: result: i686-pc-linux-gnu
configure:5339: checking host system type
configure:5354: result: i686-pc-linux-gnu
configure:5376: checking for a sed that does not truncate output
configure:5455: result: /bin/sed
configure:5473: checking for fgrep
configure:5551: result: /bin/grep -F
configure:5586: checking for ld used by gcc
configure:5653: result: /usr/bin/ld
configure:5662: checking if the linker (/usr/bin/ld) is GNU ld
configure:5677: result: yes
configure:5689: checking for BSD- or MS-compatible name lister (nm)
configure:5738: result: /usr/bin/nm -B
configure:5860: checking the name lister (/usr/bin/nm -B) interface
configure:5867: gcc -c -g -O2  conftest.c >&5
configure:5870: /usr/bin/nm -B "conftest.o"
configure:5873: output
00000000 B some_variable
configure:5880: result: BSD nm
configure:5883: checking whether ln -s works
configure:5887: result: yes
configure:5895: checking the maximum length of command line arguments
configure:6015: result: 98304
configure:6032: checking whether the shell understands some XSI constructs
configure:6042: result: yes
configure:6046: checking whether the shell understands "+="
configure:6052: result: yes
configure:6087: checking for /usr/bin/ld option to reload object files
configure:6094: result: -r
configure:6163: checking for objdump
configure:6179: found /usr/bin/objdump
configure:6190: result: objdump
configure:6226: checking how to recognize dependent libraries
configure:6422: result: pass_all
configure:6482: checking for ar
configure:6498: found /usr/bin/ar
configure:6509: result: ar
configure:6591: checking for strip
configure:6607: found /usr/bin/strip
configure:6618: result: strip
configure:6694: checking for ranlib
configure:6710: found /usr/bin/ranlib
configure:6721: result: ranlib
configure:6815: checking command to parse /usr/bin/nm -B output from gcc object
configure:6933: gcc -c -g -O2  conftest.c >&5
configure:6936: $? = 0
configure:6940: /usr/bin/nm -B conftest.o \| sed -n -e 's/^.*[	 ]\([ABCDGIRSTW][ABCDGIRSTW]*\)[	 ][	 ]*\([_A-Za-z][_A-Za-z0-9]*\)$/\1 \2 \2/p' \> conftest.nm
configure:6943: $? = 0
configure:6997: gcc -o conftest -g -O2   conftest.c conftstm.o >&5
configure:7000: $? = 0
configure:7038: result: ok
configure:7925: checking for sys/types.h
configure:7946: gcc -c -g -O2  conftest.c >&5
configure:7952: $? = 0
configure:7968: result: yes
configure:7925: checking for sys/stat.h
configure:7946: gcc -c -g -O2  conftest.c >&5
configure:7952: $? = 0
configure:7968: result: yes
configure:7925: checking for stdlib.h
configure:7946: gcc -c -g -O2  conftest.c >&5
configure:7952: $? = 0
configure:7968: result: yes
configure:7925: checking for string.h
configure:7946: gcc -c -g -O2  conftest.c >&5
configure:7952: $? = 0
configure:7968: result: yes
configure:7925: checking for memory.h
configure:7946: gcc -c -g -O2  conftest.c >&5
configure:7952: $? = 0
configure:7968: result: yes
configure:7925: checking for strings.h
configure:7946: gcc -c -g -O2  conftest.c >&5
configure:7952: $? = 0
configure:7968: result: yes
configure:7925: checking for inttypes.h
configure:7946: gcc -c -g -O2  conftest.c >&5
configure:7952: $? = 0
configure:7968: result: yes
configure:7925: checking for stdint.h
configure:7946: gcc -c -g -O2  conftest.c >&5
configure:7952: $? = 0
configure:7968: result: yes
configure:7925: checking for unistd.h
configure:7946: gcc -c -g -O2  conftest.c >&5
configure:7952: $? = 0
configure:7968: result: yes
configure:7984: checking for dlfcn.h
configure:8005: gcc -c -g -O2  conftest.c >&5
configure:8011: $? = 0
configure:8027: result: yes
configure:8211: checking for objdir
configure:8226: result: .libs
configure:8522: checking if gcc supports -fno-rtti -fno-exceptions
configure:8540: gcc -c -g -O2  -fno-rtti -fno-exceptions conftest.c >&5
cc1: warning: command line option "-fno-rtti" is valid for C++/ObjC++ but not for C
configure:8544: $? = 0
configure:8557: result: no
configure:8577: checking for gcc option to produce PIC
configure:8849: result: -fPIC -DPIC
configure:8861: checking if gcc PIC flag -fPIC -DPIC works
configure:8879: gcc -c -g -O2  -fPIC -DPIC -DPIC conftest.c >&5
configure:8883: $? = 0
configure:8896: result: yes
configure:8920: checking if gcc static flag -static works
configure:8948: result: yes
configure:8963: checking if gcc supports -c -o file.o
configure:8984: gcc -c -g -O2  -o out/conftest2.o conftest.c >&5
configure:8988: $? = 0
configure:9010: result: yes
configure:9018: checking if gcc supports -c -o file.o
configure:9065: result: yes
configure:9098: checking whether the gcc linker (/usr/bin/ld) supports shared libraries
configure:10164: result: yes
configure:10201: checking whether -lc should be explicitly linked in
configure:10206: gcc -c -g -O2  conftest.c >&5
configure:10209: $? = 0
configure:10224: gcc -shared conftest.o  -v -Wl,-soname -Wl,conftest -o conftest 2\>\&1 \| /bin/grep  -lc  \>/dev/null 2\>\&1
configure:10227: $? = 0
configure:10239: result: no
configure:10403: checking dynamic linker characteristics
configure:10846: gcc -o conftest -g -O2   -Wl,-rpath -Wl,/foo conftest.c  >&5
configure:10852: $? = 0
configure:11094: result: GNU/Linux ld.so
configure:11196: checking how to hardcode library paths into programs
configure:11221: result: immediate
configure:12026: checking whether stripping libraries is possible
configure:12031: result: yes
configure:12066: checking if libtool supports shared libraries
configure:12068: result: yes
configure:12071: checking whether to build shared libraries
configure:12092: result: yes
configure:12095: checking whether to build static libraries
configure:12099: result: yes
configure:12219: checking for pkg-config
configure:12237: found /usr/bin/pkg-config
configure:12249: result: /usr/bin/pkg-config
configure:12278: checking pkg-config is at least version 0.16
configure:12281: result: yes
configure:12299: checking for GLIB - version >= 2.0.0
configure:12423: gcc -o conftest -g -O2 -I/usr/include/glib-2.0 -I/usr/lib/glib-2.0/include     conftest.c -lglib-2.0    >&5
configure:12426: $? = 0
configure:12432: ./conftest
configure:12435: $? = 0
configure:12455: result: yes (version 2.16.6)
configure:12546: checking for X
configure:12716: gcc -o conftest -g -O2   conftest.c -lX11  >&5
configure:12722: $? = 0
configure:12781: result: libraries , headers 
configure:12942: gcc -o conftest -g -O2   conftest.c   -lX11 >&5
configure:12948: $? = 0
configure:13105: checking for gethostbyname
configure:13161: gcc -o conftest -g -O2   conftest.c  >&5
configure:13167: $? = 0
configure:13184: result: yes
configure:13329: checking for connect
configure:13385: gcc -o conftest -g -O2   conftest.c  >&5
configure:13391: $? = 0
configure:13408: result: yes
configure:13480: checking for remove
configure:13536: gcc -o conftest -g -O2   conftest.c  >&5
configure:13542: $? = 0
configure:13559: result: yes
configure:13631: checking for shmat
configure:13687: gcc -o conftest -g -O2   conftest.c  >&5
configure:13693: $? = 0
configure:13710: result: yes
configure:13791: checking for IceConnectionNumber in -lICE
configure:13826: gcc -o conftest -g -O2   conftest.c -lICE   >&5
configure:13832: $? = 0
configure:13850: result: yes
configure:13872: checking for intltool >= 0.35.0
configure:13879: result: 0.37.1 found
configure:13930: checking for xgettext
configure:13948: found /usr/bin/xgettext
configure:13960: result: /usr/bin/xgettext
configure:13970: checking for msgmerge
configure:13988: found /usr/bin/msgmerge
configure:14000: result: /usr/bin/msgmerge
configure:14010: checking for msgfmt
configure:14028: found /usr/bin/msgfmt
configure:14040: result: /usr/bin/msgfmt
configure:14072: checking for perl
configure:14090: found /usr/bin/perl
configure:14102: result: /usr/bin/perl
configure:14121: checking for XML::Parser
configure:14124: result: ok
configure:14161: gcc -o conftest -g -O2   conftest.c  >&5
configure:14167: $? = 0
configure:14290: $PKG_CONFIG --exists --print-errors "gnome-doc-utils >= $gdu_cv_version_required"
Requested 'gnome-doc-utils >= 0.17.3' but version of gnome-doc-utils is 0.12.2
configure:14293: $? = 1
configure:14303: error: gnome-doc-utils >= 0.17.3 not found

## ---------------- ##
## Cache variables. ##
## ---------------- ##

ac_cv_build=i686-pc-linux-gnu
ac_cv_c_compiler_gnu=yes
ac_cv_env_CC_set=
ac_cv_env_CC_value=
ac_cv_env_CFLAGS_set=
ac_cv_env_CFLAGS_value=
ac_cv_env_CHECK_CFLAGS_set=
ac_cv_env_CHECK_CFLAGS_value=
ac_cv_env_CHECK_LIBS_set=
ac_cv_env_CHECK_LIBS_value=
ac_cv_env_CONNMAN_CFLAGS_set=
ac_cv_env_CONNMAN_CFLAGS_value=
ac_cv_env_CONNMAN_LIBS_set=
ac_cv_env_CONNMAN_LIBS_value=
ac_cv_env_CPPFLAGS_set=
ac_cv_env_CPPFLAGS_value=
ac_cv_env_CPP_set=
ac_cv_env_CPP_value=
ac_cv_env_EMPATHY_CFLAGS_set=
ac_cv_env_EMPATHY_CFLAGS_value=
ac_cv_env_EMPATHY_LIBS_set=
ac_cv_env_EMPATHY_LIBS_value=
ac_cv_env_ENCHANT_CFLAGS_set=
ac_cv_env_ENCHANT_CFLAGS_value=
ac_cv_env_ENCHANT_LIBS_set=
ac_cv_env_ENCHANT_LIBS_value=
ac_cv_env_GEOCLUE_CFLAGS_set=
ac_cv_env_GEOCLUE_CFLAGS_value=
ac_cv_env_GEOCLUE_LIBS_set=
ac_cv_env_GEOCLUE_LIBS_value=
ac_cv_env_LDFLAGS_set=
ac_cv_env_LDFLAGS_value=
ac_cv_env_LIBCHAMPLAIN_CFLAGS_set=
ac_cv_env_LIBCHAMPLAIN_CFLAGS_value=
ac_cv_env_LIBCHAMPLAIN_LIBS_set=
ac_cv_env_LIBCHAMPLAIN_LIBS_value=
ac_cv_env_LIBEMPATHYGTK_CFLAGS_set=
ac_cv_env_LIBEMPATHYGTK_CFLAGS_value=
ac_cv_env_LIBEMPATHYGTK_LIBS_set=
ac_cv_env_LIBEMPATHYGTK_LIBS_value=
ac_cv_env_LIBEMPATHY_CFLAGS_set=
ac_cv_env_LIBEMPATHY_CFLAGS_value=
ac_cv_env_LIBEMPATHY_LIBS_set=
ac_cv_env_LIBEMPATHY_LIBS_value=
ac_cv_env_LIBNOTIFY_CFLAGS_set=
ac_cv_env_LIBNOTIFY_CFLAGS_value=
ac_cv_env_LIBNOTIFY_LIBS_set=
ac_cv_env_LIBNOTIFY_LIBS_value=
ac_cv_env_LIBS_set=
ac_cv_env_LIBS_value=
ac_cv_env_MOBLIN_CFLAGS_set=
ac_cv_env_MOBLIN_CFLAGS_value=
ac_cv_env_MOBLIN_LIBS_set=
ac_cv_env_MOBLIN_LIBS_value=
ac_cv_env_NETWORK_MANAGER_CFLAGS_set=
ac_cv_env_NETWORK_MANAGER_CFLAGS_value=
ac_cv_env_NETWORK_MANAGER_LIBS_set=
ac_cv_env_NETWORK_MANAGER_LIBS_value=
ac_cv_env_NST_CFLAGS_set=
ac_cv_env_NST_CFLAGS_value=
ac_cv_env_NST_LIBS_set=
ac_cv_env_NST_LIBS_value=
ac_cv_env_PKG_CONFIG_set=
ac_cv_env_PKG_CONFIG_value=
ac_cv_env_VALGRIND_CFLAGS_set=
ac_cv_env_VALGRIND_CFLAGS_value=
ac_cv_env_VALGRIND_LIBS_set=
ac_cv_env_VALGRIND_LIBS_value=
ac_cv_env_WEBKIT_CFLAGS_set=
ac_cv_env_WEBKIT_CFLAGS_value=
ac_cv_env_WEBKIT_LIBS_set=
ac_cv_env_WEBKIT_LIBS_value=
ac_cv_env_XMKMF_set=
ac_cv_env_XMKMF_value=
ac_cv_env_build_alias_set=
ac_cv_env_build_alias_value=
ac_cv_env_host_alias_set=
ac_cv_env_host_alias_value=
ac_cv_env_target_alias_set=
ac_cv_env_target_alias_value=
ac_cv_func_connect=yes
ac_cv_func_gethostbyname=yes
ac_cv_func_remove=yes
ac_cv_func_shmat=yes
ac_cv_have_x='have_x=yes	ac_x_includes='\'''\''	ac_x_libraries='\'''\'''
ac_cv_header_dlfcn_h=yes
ac_cv_header_inttypes_h=yes
ac_cv_header_memory_h=yes
ac_cv_header_stdc=yes
ac_cv_header_stdint_h=yes
ac_cv_header_stdlib_h=yes
ac_cv_header_string_h=yes
ac_cv_header_strings_h=yes
ac_cv_header_sys_stat_h=yes
ac_cv_header_sys_types_h=yes
ac_cv_header_unistd_h=yes
ac_cv_host=i686-pc-linux-gnu
ac_cv_lib_ICE_IceConnectionNumber=yes
ac_cv_objext=o
ac_cv_path_EGREP='/bin/grep -E'
ac_cv_path_FGREP='/bin/grep -F'
ac_cv_path_GREP=/bin/grep
ac_cv_path_INTLTOOL_PERL=/usr/bin/perl
ac_cv_path_MSGFMT=/usr/bin/msgfmt
ac_cv_path_MSGMERGE=/usr/bin/msgmerge
ac_cv_path_SED=/bin/sed
ac_cv_path_XGETTEXT=/usr/bin/xgettext
ac_cv_path_ac_pt_PKG_CONFIG=/usr/bin/pkg-config
ac_cv_path_install='/usr/bin/install -c'
ac_cv_path_mkdir=/bin/mkdir
ac_cv_prog_AWK=mawk
ac_cv_prog_CPP='gcc -E'
ac_cv_prog_ac_ct_AR=ar
ac_cv_prog_ac_ct_CC=gcc
ac_cv_prog_ac_ct_OBJDUMP=objdump
ac_cv_prog_ac_ct_RANLIB=ranlib
ac_cv_prog_ac_ct_STRIP=strip
ac_cv_prog_cc_c89=
ac_cv_prog_cc_g=yes
ac_cv_prog_make_make_set=yes
ac_cv_search_strerror='none required'
am_cv_CC_dependencies_compiler_type=gcc3
gdu_cv_have_gdu=no
gdu_cv_version_required=0.17.3
lt_cv_deplibs_check_method=pass_all
lt_cv_file_magic_cmd='$MAGIC_CMD'
lt_cv_file_magic_test_file=
lt_cv_ld_reload_flag=-r
lt_cv_nm_interface='BSD nm'
lt_cv_objdir=.libs
lt_cv_path_LD=/usr/bin/ld
lt_cv_path_NM='/usr/bin/nm -B'
lt_cv_prog_compiler_c_o=yes
lt_cv_prog_compiler_pic_works=yes
lt_cv_prog_compiler_rtti_exceptions=no
lt_cv_prog_compiler_static_works=yes
lt_cv_prog_gnu_ld=yes
lt_cv_sys_global_symbol_pipe='sed -n -e '\''s/^.*[	 ]\([ABCDGIRSTW][ABCDGIRSTW]*\)[	 ][	 ]*\([_A-Za-z][_A-Za-z0-9]*\)$/\1 \2 \2/p'\'''
lt_cv_sys_global_symbol_to_c_name_address='sed -n -e '\''s/^: \([^ ]*\) $/  {\"\1\", (void *) 0},/p'\'' -e '\''s/^[ABCDGIRSTW]* \([^ ]*\) \([^ ]*\)$/  {"\2", (void *) \&\2},/p'\'''
lt_cv_sys_global_symbol_to_c_name_address_lib_prefix='sed -n -e '\''s/^: \([^ ]*\) $/  {\"\1\", (void *) 0},/p'\'' -e '\''s/^[ABCDGIRSTW]* \([^ ]*\) \(lib[^ ]*\)$/  {"\2", (void *) \&\2},/p'\'' -e '\''s/^[ABCDGIRSTW]* \([^ ]*\) \([^ ]*\)$/  {"lib\2", (void *) \&\2},/p'\'''
lt_cv_sys_global_symbol_to_cdecl='sed -n -e '\''s/^T .* \(.*\)$/extern int \1();/p'\'' -e '\''s/^[ABCDGIRSTW]* .* \(.*\)$/extern char \1;/p'\'''
lt_cv_sys_max_cmd_len=98304

## ----------------- ##
## Output variables. ##
## ----------------- ##

ACLOCAL='${SHELL} /home/hcy/Downloads/empathy-2.29.1/missing --run aclocal-1.10'
ACLOCAL_AMFLAGS='${ACLOCAL_FLAGS}'
ALL_LINGUAS=''
AMDEPBACKSLASH='\'
AMDEP_FALSE='#'
AMDEP_TRUE=''
AMTAR='${SHELL} /home/hcy/Downloads/empathy-2.29.1/missing --run tar'
AM_MAKEFLAGS=''
AR='ar'
AUTOCONF='${SHELL} /home/hcy/Downloads/empathy-2.29.1/missing --run autoconf'
AUTOHEADER='${SHELL} /home/hcy/Downloads/empathy-2.29.1/missing --run autoheader'
AUTOMAKE='${SHELL} /home/hcy/Downloads/empathy-2.29.1/missing --run automake-1.10'
AWK='mawk'
CATALOGS=''
CATOBJEXT=''
CC='gcc'
CCDEPMODE='depmode=gcc3'
CFLAGS='-g -O2'
CHECK_CFLAGS=''
CHECK_LIBS=''
CONNMAN_CFLAGS=''
CONNMAN_LIBS=''
CPP='gcc -E'
CPPFLAGS=''
CXX=''
CYGPATH_W='echo'
DATADIRNAME='share'
DBUS_BINDING_TOOL=''
DEFS=''
DEPDIR='.deps'
DISABLE_DEPRECATED='-DG_DISABLE_DEPRECATED -DGDK_DISABLE_DEPRECATED -DGDK_PIXBUF_DISABLE_DEPRECATED -DPANGO_DISABLE_DEPRECATED -DGTK_DISABLE_DEPRECATED -DGCONF_DISABLE_DEPRECATED -DBONOBO_DISABLE_DEPRECATED -DBONOBO_UI_DISABLE_DEPRECATED -DGNOME_VFS_DISABLE_DEPRECATED -DGNOME_DISABLE_DEPRECATED -DLIBGLADE_DISABLE_DEPRECATED'
DISTCHECK_CONFIGURE_FLAGS=''
DOC_USER_FORMATS=''
DSYMUTIL=''
DUMPBIN=''
ECHO_C=''
ECHO_N='-n'
ECHO_T=''
EGREP='/bin/grep -E'
EMPATHY_CFLAGS=''
EMPATHY_LIBS=''
ENABLE_CODING_STYLE_CHECKS=''
ENABLE_SK_FALSE=''
ENABLE_SK_TRUE=''
ENCHANT_CFLAGS=''
ENCHANT_LIBS=''
ERROR_CFLAGS=''
EXEEXT=''
F77=''
FC=''
FGREP='/bin/grep -F'
GCONFTOOL=''
GCONF_SCHEMAS_INSTALL_FALSE=''
GCONF_SCHEMAS_INSTALL_TRUE=''
GCONF_SCHEMA_CONFIG_SOURCE=''
GCONF_SCHEMA_FILE_DIR=''
GEOCLUE_CFLAGS=''
GEOCLUE_LIBS=''
GETTEXT_PACKAGE=''
GLIB_CFLAGS='-I/usr/include/glib-2.0 -I/usr/lib/glib-2.0/include  '
GLIB_GENMARSHAL='glib-genmarshal'
GLIB_LIBS='-lglib-2.0  '
GLIB_MKENUMS='glib-mkenums'
GMOFILES=''
GMSGFMT=''
GOBJECT_QUERY='gobject-query'
GREP='/bin/grep'
HAVE_CONNMAN_FALSE=''
HAVE_CONNMAN_TRUE=''
HAVE_ENCHANT_FALSE=''
HAVE_ENCHANT_TRUE=''
HAVE_GEOCLUE_FALSE=''
HAVE_GEOCLUE_TRUE=''
HAVE_GNOME_DOC_UTILS_FALSE=''
HAVE_GNOME_DOC_UTILS_TRUE=''
HAVE_LIBCHAMPLAIN_FALSE=''
HAVE_LIBCHAMPLAIN_TRUE=''
HAVE_MOBLIN_FALSE=''
HAVE_MOBLIN_TRUE=''
HAVE_NM_FALSE=''
HAVE_NM_TRUE=''
HAVE_NST_FALSE=''
HAVE_NST_TRUE=''
HAVE_TESTS_FALSE=''
HAVE_TESTS_TRUE=''
HAVE_VALGRIND_FALSE=''
HAVE_VALGRIND_TRUE=''
HAVE_WEBKIT_FALSE=''
HAVE_WEBKIT_TRUE=''
HELP_DIR=''
INSTALL_DATA='${INSTALL} -m 644'
INSTALL_PROGRAM='${INSTALL}'
INSTALL_SCRIPT='${INSTALL}'
INSTALL_STRIP_PROGRAM='$(install_sh) -c -s'
INSTOBJEXT=''
INTLLIBS=''
INTLTOOL_CAVES_RULE='%.caves:     %.caves.in     $(INTLTOOL_MERGE) $(wildcard $(top_srcdir)/po/*.po) ; LC_ALL=C $(INTLTOOL_MERGE) -d -u -c $(top_builddir)/po/.intltool-merge-cache $(top_srcdir)/po $< $@'
INTLTOOL_DESKTOP_RULE='%.desktop:   %.desktop.in   $(INTLTOOL_MERGE) $(wildcard $(top_srcdir)/po/*.po) ; LC_ALL=C $(INTLTOOL_MERGE) -d -u -c $(top_builddir)/po/.intltool-merge-cache $(top_srcdir)/po $< $@'
INTLTOOL_DIRECTORY_RULE='%.directory: %.directory.in $(INTLTOOL_MERGE) $(wildcard $(top_srcdir)/po/*.po) ; LC_ALL=C $(INTLTOOL_MERGE) -d -u -c $(top_builddir)/po/.intltool-merge-cache $(top_srcdir)/po $< $@'
INTLTOOL_EXTRACT='$(top_builddir)/intltool-extract'
INTLTOOL_KBD_RULE='%.kbd:       %.kbd.in       $(INTLTOOL_MERGE) $(wildcard $(top_srcdir)/po/*.po) ; LC_ALL=C $(INTLTOOL_MERGE) -x -u -m -c $(top_builddir)/po/.intltool-merge-cache $(top_srcdir)/po $< $@'
INTLTOOL_KEYS_RULE='%.keys:      %.keys.in      $(INTLTOOL_MERGE) $(wildcard $(top_srcdir)/po/*.po) ; LC_ALL=C $(INTLTOOL_MERGE) -k -u -c $(top_builddir)/po/.intltool-merge-cache $(top_srcdir)/po $< $@'
INTLTOOL_MERGE='$(top_builddir)/intltool-merge'
INTLTOOL_OAF_RULE='%.oaf:       %.oaf.in       $(INTLTOOL_MERGE) $(wildcard $(top_srcdir)/po/*.po) ; LC_ALL=C $(INTLTOOL_MERGE) -o -p $(top_srcdir)/po $< $@'
INTLTOOL_PERL='/usr/bin/perl'
INTLTOOL_POLICY_RULE='%.policy:    %.policy.in    $(INTLTOOL_MERGE) $(wildcard $(top_srcdir)/po/*.po) ; LC_ALL=C $(INTLTOOL_MERGE) -x -u -c $(top_builddir)/po/.intltool-merge-cache $(top_srcdir)/po $< $@'
INTLTOOL_PONG_RULE='%.pong:      %.pong.in      $(INTLTOOL_MERGE) $(wildcard $(top_srcdir)/po/*.po) ; LC_ALL=C $(INTLTOOL_MERGE) -x -u -c $(top_builddir)/po/.intltool-merge-cache $(top_srcdir)/po $< $@'
INTLTOOL_PROP_RULE='%.prop:      %.prop.in      $(INTLTOOL_MERGE) $(wildcard $(top_srcdir)/po/*.po) ; LC_ALL=C $(INTLTOOL_MERGE) -d -u -c $(top_builddir)/po/.intltool-merge-cache $(top_srcdir)/po $< $@'
INTLTOOL_SCHEMAS_RULE='%.schemas:   %.schemas.in   $(INTLTOOL_MERGE) $(wildcard $(top_srcdir)/po/*.po) ; LC_ALL=C $(INTLTOOL_MERGE) -s -u -c $(top_builddir)/po/.intltool-merge-cache $(top_srcdir)/po $< $@'
INTLTOOL_SERVER_RULE='%.server:    %.server.in    $(INTLTOOL_MERGE) $(wildcard $(top_srcdir)/po/*.po) ; LC_ALL=C $(INTLTOOL_MERGE) -o -u -c $(top_builddir)/po/.intltool-merge-cache $(top_srcdir)/po $< $@'
INTLTOOL_SERVICE_RULE='%.service: %.service.in   $(INTLTOOL_MERGE) $(wildcard $(top_srcdir)/po/*.po) ; LC_ALL=C $(INTLTOOL_MERGE) -d -u -c $(top_builddir)/po/.intltool-merge-cache $(top_srcdir)/po $< $@'
INTLTOOL_SHEET_RULE='%.sheet:     %.sheet.in     $(INTLTOOL_MERGE) $(wildcard $(top_srcdir)/po/*.po) ; LC_ALL=C $(INTLTOOL_MERGE) -x -u -c $(top_builddir)/po/.intltool-merge-cache $(top_srcdir)/po $< $@'
INTLTOOL_SOUNDLIST_RULE='%.soundlist: %.soundlist.in $(INTLTOOL_MERGE) $(wildcard $(top_srcdir)/po/*.po) ; LC_ALL=C $(INTLTOOL_MERGE) -d -u -c $(top_builddir)/po/.intltool-merge-cache $(top_srcdir)/po $< $@'
INTLTOOL_THEME_RULE='%.theme:     %.theme.in     $(INTLTOOL_MERGE) $(wildcard $(top_srcdir)/po/*.po) ; LC_ALL=C $(INTLTOOL_MERGE) -d -u -c $(top_builddir)/po/.intltool-merge-cache $(top_srcdir)/po $< $@'
INTLTOOL_UI_RULE='%.ui:        %.ui.in        $(INTLTOOL_MERGE) $(wildcard $(top_srcdir)/po/*.po) ; LC_ALL=C $(INTLTOOL_MERGE) -x -u -c $(top_builddir)/po/.intltool-merge-cache $(top_srcdir)/po $< $@'
INTLTOOL_UPDATE='$(top_builddir)/intltool-update'
INTLTOOL_XAM_RULE='%.xam:       %.xml.in       $(INTLTOOL_MERGE) $(wildcard $(top_srcdir)/po/*.po) ; LC_ALL=C $(INTLTOOL_MERGE) -x -u -c $(top_builddir)/po/.intltool-merge-cache $(top_srcdir)/po $< $@'
INTLTOOL_XML_NOMERGE_RULE='%.xml:       %.xml.in       $(INTLTOOL_MERGE) ; LC_ALL=C $(INTLTOOL_MERGE) -x -u /tmp $< $@'
INTLTOOL_XML_RULE='%.xml:       %.xml.in       $(INTLTOOL_MERGE) $(wildcard $(top_srcdir)/po/*.po) ; LC_ALL=C $(INTLTOOL_MERGE) -x -u -c $(top_builddir)/po/.intltool-merge-cache $(top_srcdir)/po $< $@'
LD='/usr/bin/ld'
LDFLAGS=''
LIBCHAMPLAIN_CFLAGS=''
LIBCHAMPLAIN_LIBS=''
LIBEMPATHYGTK_CFLAGS=''
LIBEMPATHYGTK_LIBS=''
LIBEMPATHY_CFLAGS=''
LIBEMPATHY_LIBS=''
LIBNOTIFY_CFLAGS=''
LIBNOTIFY_LIBS=''
LIBOBJS=''
LIBS=''
LIBTOOL='$(SHELL) $(top_builddir)/libtool'
LIPO=''
LN_S='ln -s'
LTLIBOBJS=''
MAINT=''
MAINTAINER_MODE_FALSE='#'
MAINTAINER_MODE_TRUE=''
MAKEFLAGS=''
MAKEINFO='${SHELL} /home/hcy/Downloads/empathy-2.29.1/missing --run makeinfo'
MKINSTALLDIRS=''
MOBLIN_CFLAGS=''
MOBLIN_LIBS=''
MSGFMT='/usr/bin/msgfmt'
MSGFMT_OPTS=''
MSGMERGE='/usr/bin/msgmerge'
NETWORK_MANAGER_CFLAGS=''
NETWORK_MANAGER_LIBS=''
NM='/usr/bin/nm -B'
NMEDIT=''
NST_CFLAGS=''
NST_LIBS=''
OBJC=''
OBJDUMP='objdump'
OBJEXT='o'
OMF_DIR=''
OTOOL64=''
OTOOL=''
PACKAGE='empathy'
PACKAGE_BUGREPORT='http://bugzilla.gnome.org/browse.cgi?product=empathy'
PACKAGE_NAME='Empathy'
PACKAGE_STRING='Empathy 2.29.1'
PACKAGE_TARNAME='empathy'
PACKAGE_VERSION='2.29.1'
PATH_SEPARATOR=':'
PKG_CONFIG='/usr/bin/pkg-config'
POFILES=''
POSUB=''
PO_IN_DATADIR_FALSE=''
PO_IN_DATADIR_TRUE=''
PYTHON=''
PYTHON_EXEC_PREFIX=''
PYTHON_PLATFORM=''
PYTHON_PREFIX=''
PYTHON_VERSION=''
Q=''
RANLIB='ranlib'
SED='/bin/sed'
SET_MAKE=''
SHELL='/bin/bash'
STRIP='strip'
USE_NLS=''
V=''
VALGRIND_CFLAGS=''
VALGRIND_LIBS=''
VALGRIND_PATH=''
VERSION='2.29.1'
WEBKIT_CFLAGS=''
WEBKIT_LIBS=''
XGETTEXT='/usr/bin/xgettext'
XMKMF=''
XSLTPROC=''
X_CFLAGS=''
X_EXTRA_LIBS=''
X_LIBS=''
X_PRE_LIBS=' -lSM -lICE'
ac_ct_CC='gcc'
ac_ct_DUMPBIN=''
am__fastdepCC_FALSE='#'
am__fastdepCC_TRUE=''
am__include='include'
am__isrc=''
am__leading_dot='.'
am__quote=''
am__tar='${AMTAR} chof - "$$tardir"'
am__untar='${AMTAR} xf -'
bindir='${exec_prefix}/bin'
build='i686-pc-linux-gnu'
build_alias=''
build_cpu='i686'
build_os='linux-gnu'
build_vendor='pc'
datadir='${datarootdir}'
datarootdir='${prefix}/share'
docdir='${datarootdir}/doc/${PACKAGE_TARNAME}'
dvidir='${docdir}'
exec_prefix='NONE'
host='i686-pc-linux-gnu'
host_alias=''
host_cpu='i686'
host_os='linux-gnu'
host_vendor='pc'
htmldir='${docdir}'
includedir='${prefix}/include'
infodir='${datarootdir}/info'
install_sh='$(SHELL) /home/hcy/Downloads/empathy-2.29.1/install-sh'
libdir='${exec_prefix}/lib'
libexecdir='${exec_prefix}/libexec'
localedir='${datarootdir}/locale'
localstatedir='${prefix}/var'
lt_ECHO='echo'
mandir='${datarootdir}/man'
mkdir_p='/bin/mkdir -p'
oldincludedir='/usr/include'
pdfdir='${docdir}'
pkgpyexecdir=''
pkgpythondir=''
prefix='NONE'
program_transform_name='s,x,x,'
psdir='${docdir}'
pyexecdir=''
pythondir=''
sbindir='${exec_prefix}/sbin'
sharedstatedir='${prefix}/com'
shavedir=''
sysconfdir='${prefix}/etc'
target_alias=''

## ----------- ##
## confdefs.h. ##
## ----------- ##

#define PACKAGE_NAME "Empathy"
#define PACKAGE_TARNAME "empathy"
#define PACKAGE_VERSION "2.29.1"
#define PACKAGE_STRING "Empathy 2.29.1"
#define PACKAGE_BUGREPORT "http://bugzilla.gnome.org/browse.cgi?product=empathy"
#define STDC_HEADERS 1
#define HAVE_SYS_TYPES_H 1
#define HAVE_SYS_STAT_H 1
#define HAVE_STDLIB_H 1
#define HAVE_STRING_H 1
#define HAVE_MEMORY_H 1
#define HAVE_STRINGS_H 1
#define HAVE_INTTYPES_H 1
#define HAVE_STDINT_H 1
#define HAVE_UNISTD_H 1
#define HAVE_DLFCN_H 1
#define LT_OBJDIR ".libs/"

configure: exit 1
